
12월 16, 2020 19:29:52.75 NEW SESSION
12월 16, 2020 19:29:52.75 [19896:12212:1216/192952.748:ERROR:cache_util_win.cc(20)] Unable to move the cache: 액세스가 거부되었습니다. (0x5)
12월 16, 2020 19:29:52.75 [19896:12212:1216/192952.749:ERROR:cache_util.cc(140)] Unable to move cache folder C:\Users\Uk\AppData\Local\Google\Chrome\User Data\ShaderCache\GPUCache to C:\Users\Uk\AppData\Local\Google\Chrome\User Data\ShaderCache\old_GPUCache_000
12월 16, 2020 19:29:52.75 [19896:12212:1216/192952.749:ERROR:disk_cache.cc(184)] Unable to create cache
12월 16, 2020 19:29:52.75 [19896:12212:1216/192952.749:ERROR:shader_disk_cache.cc(606)] Shader Cache Creation failed: -2
12월 16, 2020 19:29:52.98 기존 브라우저 세션에서 여는 중입니다.
12월 16, 2020 19:30:05.08 [3344:14824:1216/193005.089:ERROR:device_event_log_impl.cc(211)] [19:30:05.089] USB: usb_device_handle_win.cc:1020 Failed to read descriptor from node connection: 시스템에 부착된 장치가 작동하지 않습니다. (0x1F)
12월 16, 2020 19:30:05.09 [3344:14824:1216/193005.089:ERROR:device_event_log_impl.cc(211)] [19:30:05.090] USB: usb_device_handle_win.cc:1020 Failed to read descriptor from node connection: 시스템에 부착된 장치가 작동하지 않습니다. (0x1F)

12월 19, 2020 03:06:35.62 NEW SESSION
12월 19, 2020 03:06:35.62 [10508:13064:1219/030635.616:ERROR:device_event_log_impl.cc(211)] [03:06:35.616] USB: usb_device_handle_win.cc:1020 Failed to read descriptor from node connection: 시스템에 부착된 장치가 작동하지 않습니다. (0x1F)
12월 19, 2020 03:06:35.62 [10508:13064:1219/030635.617:ERROR:device_event_log_impl.cc(211)] [03:06:35.616] USB: usb_device_handle_win.cc:1020 Failed to read descriptor from node connection: 시스템에 부착된 장치가 작동하지 않습니다. (0x1F)
12월 19, 2020 03:16:26.12 [1219/031626.120:ERROR:directory_reader_win.cc(43)] FindFirstFile: 지정된 경로를 찾을 수 없습니다. (0x3)

12월 19, 2020 13:17:31.56 NEW SESSION
12월 19, 2020 13:17:31.56 [18804:26948:1219/131731.567:ERROR:device_event_log_impl.cc(211)] [13:17:31.568] USB: usb_device_handle_win.cc:1020 Failed to read descriptor from node connection: 시스템에 부착된 장치가 작동하지 않습니다. (0x1F)
12월 19, 2020 13:17:31.56 [18804:26948:1219/131731.567:ERROR:device_event_log_impl.cc(211)] [13:17:31.568] USB: usb_device_handle_win.cc:1020 Failed to read descriptor from node connection: 시스템에 부착된 장치가 작동하지 않습니다. (0x1F)
12월 19, 2020 13:19:32.64 [9332:17716:1219/131932.642:ERROR:device_event_log_impl.cc(211)] [13:19:32.643] USB: usb_device_handle_win.cc:1020 Failed to read descriptor from node connection: 시스템에 부착된 장치가 작동하지 않습니다. (0x1F)
12월 19, 2020 13:19:32.65 [9332:17716:1219/131932.642:ERROR:device_event_log_impl.cc(211)] [13:19:32.643] USB: usb_device_handle_win.cc:1020 Failed to read descriptor from node connection: 시스템에 부착된 장치가 작동하지 않습니다. (0x1F)
12월 19, 2020 13:29:23.69 [1219/132923.693:ERROR:directory_reader_win.cc(43)] FindFirstFile: 지정된 경로를 찾을 수 없습니다. (0x3)

12월 20, 2020 16:35:55.37 NEW SESSION
12월 20, 2020 16:35:55.37 [14632:8068:1220/163555.369:ERROR:device_event_log_impl.cc(211)] [16:35:55.369] USB: usb_device_handle_win.cc:1020 Failed to read descriptor from node connection: 시스템에 부착된 장치가 작동하지 않습니다. (0x1F)
12월 20, 2020 16:35:55.38 [14632:8068:1220/163555.370:ERROR:device_event_log_impl.cc(211)] [16:35:55.369] USB: usb_device_handle_win.cc:1020 Failed to read descriptor from node connection: 시스템에 부착된 장치가 작동하지 않습니다. (0x1F)
12월 20, 2020 16:45:51.51 [1220/164551.515:ERROR:directory_reader_win.cc(43)] FindFirstFile: 지정된 경로를 찾을 수 없습니다. (0x3)

12월 23, 2020 13:47:28.32 NEW SESSION
12월 23, 2020 13:47:28.32 [14668:3384:1223/134728.314:ERROR:device_event_log_impl.cc(211)] [13:47:28.314] USB: usb_device_handle_win.cc:1020 Failed to read descriptor from node connection: 시스템에 부착된 장치가 작동하지 않습니다. (0x1F)
12월 23, 2020 13:47:28.33 [14668:3384:1223/134728.314:ERROR:device_event_log_impl.cc(211)] [13:47:28.314] USB: usb_device_handle_win.cc:1020 Failed to read descriptor from node connection: 시스템에 부착된 장치가 작동하지 않습니다. (0x1F)
12월 23, 2020 13:57:21.86 [1223/135721.868:ERROR:directory_reader_win.cc(43)] FindFirstFile: 지정된 경로를 찾을 수 없습니다. (0x3)
12월 23, 2020 14:03:13.47 [14668:3384:1223/140313.470:ERROR:device_event_log_impl.cc(211)] [14:03:13.470] USB: usb_service_win.cc:258 Failed to get device driver name: 요소가 없습니다. (0x490)
12월 23, 2020 14:53:57.92 [14668:3384:1223/145357.921:ERROR:CONSOLE(0)] "TypeError: Cannot read property 'isAnonymousInlineStyleSheet' of null", source:  (0)
12월 23, 2020 15:19:17.17 [14668:3384:1223/151917.177:ERROR:CONSOLE(0)] "TypeError: Cannot read property 'isAnonymousInlineStyleSheet' of null", source:  (0)
12월 23, 2020 18:30:01.77 [14668:3384:1223/183001.772:ERROR:CONSOLE(0)] "TypeError: Cannot read property 'isAnonymousInlineStyleSheet' of null", source:  (0)
12월 23, 2020 19:23:53.74 [14668:3384:1223/192353.749:ERROR:CONSOLE(0)] "TypeError: Cannot read property 'isAnonymousInlineStyleSheet' of null", source:  (0)
12월 23, 2020 19:25:58.91 [14668:3384:1223/192558.916:ERROR:CONSOLE(0)] "TypeError: Cannot read property 'isAnonymousInlineStyleSheet' of null", source:  (0)
12월 23, 2020 21:39:40.71 [14668:3384:1223/213940.718:ERROR:CONSOLE(0)] "TypeError: Cannot read property 'isAnonymousInlineStyleSheet' of null", source:  (0)
12월 23, 2020 22:02:03.50 [14668:3384:1223/220203.500:ERROR:CONSOLE(0)] "TypeError: Cannot read property 'isAnonymousInlineStyleSheet' of null", source:  (0)
12월 23, 2020 22:16:42.60 [14668:3384:1223/221642.601:ERROR:CONSOLE(0)] "TypeError: Cannot read property 'isAnonymousInlineStyleSheet' of null", source:  (0)
12월 23, 2020 22:22:51.81 [14668:3384:1223/222251.810:ERROR:CONSOLE(0)] "TypeError: Cannot read property 'isAnonymousInlineStyleSheet' of null", source:  (0)

12월 26, 2020 15:14:04.67 NEW SESSION
12월 26, 2020 15:14:04.67 [11440:21220:1226/151404.666:ERROR:device_event_log_impl.cc(211)] [15:14:04.666] USB: usb_device_handle_win.cc:1020 Failed to read descriptor from node connection: 시스템에 부착된 장치가 작동하지 않습니다. (0x1F)
12월 26, 2020 15:14:04.67 [11440:21220:1226/151404.666:ERROR:device_event_log_impl.cc(211)] [15:14:04.666] USB: usb_device_handle_win.cc:1020 Failed to read descriptor from node connection: 시스템에 부착된 장치가 작동하지 않습니다. (0x1F)
12월 26, 2020 15:23:52.34 [1226/152352.343:ERROR:directory_reader_win.cc(43)] FindFirstFile: 지정된 경로를 찾을 수 없습니다. (0x3)
12월 26, 2020 16:04:56.61 [11440:21220:1226/160456.615:ERROR:CONSOLE(0)] "TypeError: Cannot read property 'isAnonymousInlineStyleSheet' of null", source:  (0)
12월 26, 2020 16:06:44.47 [11440:21220:1226/160644.473:ERROR:CONSOLE(0)] "TypeError: Cannot read property 'isAnonymousInlineStyleSheet' of null", source:  (0)
12월 26, 2020 16:06:45.24 [11440:21220:1226/160645.249:ERROR:CONSOLE(0)] "TypeError: Cannot read property 'isAnonymousInlineStyleSheet' of null", source:  (0)
12월 26, 2020 16:32:40.99 [11440:21220:1226/163240.996:ERROR:CONSOLE(0)] "TypeError: Cannot read property 'isAnonymousInlineStyleSheet' of null", source:  (0)
12월 26, 2020 16:32:47.50 [11440:21220:1226/163247.503:ERROR:CONSOLE(0)] "TypeError: Cannot read property 'isAnonymousInlineStyleSheet' of null", source:  (0)
12월 26, 2020 16:32:48.87 [11440:21220:1226/163248.877:ERROR:CONSOLE(0)] "TypeError: Cannot read property 'isAnonymousInlineStyleSheet' of null", source:  (0)
12월 26, 2020 16:32:57.28 [11440:21220:1226/163257.287:ERROR:CONSOLE(0)] "TypeError: Cannot read property 'isAnonymousInlineStyleSheet' of null", source:  (0)
12월 26, 2020 16:32:57.50 [11440:21220:1226/163257.506:ERROR:CONSOLE(0)] "TypeError: Cannot read property 'isAnonymousInlineStyleSheet' of null", source:  (0)
12월 26, 2020 16:46:33.28 [11440:21220:1226/164633.280:ERROR:CONSOLE(0)] "TypeError: Cannot read property 'isAnonymousInlineStyleSheet' of null", source:  (0)
12월 26, 2020 16:46:35.27 [11440:21220:1226/164635.275:ERROR:CONSOLE(0)] "TypeError: Cannot read property 'isAnonymousInlineStyleSheet' of null", source:  (0)
12월 26, 2020 16:47:31.28 [11440:21220:1226/164731.288:ERROR:CONSOLE(0)] "TypeError: Cannot read property 'isAnonymousInlineStyleSheet' of null", source:  (0)
12월 26, 2020 16:49:05.28 [11440:21220:1226/164905.280:ERROR:CONSOLE(0)] "TypeError: Cannot read property 'isAnonymousInlineStyleSheet' of null", source:  (0)
12월 26, 2020 16:49:17.27 [11440:21220:1226/164917.273:ERROR:CONSOLE(0)] "TypeError: Cannot read property 'isAnonymousInlineStyleSheet' of null", source:  (0)
12월 26, 2020 16:50:51.27 [11440:21220:1226/165051.269:ERROR:CONSOLE(0)] "TypeError: Cannot read property 'isAnonymousInlineStyleSheet' of null", source:  (0)

12월 27, 2020 15:07:41.69 NEW SESSION
12월 27, 2020 15:07:41.69 [10968:16388:1227/150741.689:ERROR:device_event_log_impl.cc(211)] [15:07:41.689] USB: usb_device_handle_win.cc:1020 Failed to read descriptor from node connection: 시스템에 부착된 장치가 작동하지 않습니다. (0x1F)
12월 27, 2020 15:07:41.70 [10968:16388:1227/150741.689:ERROR:device_event_log_impl.cc(211)] [15:07:41.690] USB: usb_device_handle_win.cc:1020 Failed to read descriptor from node connection: 시스템에 부착된 장치가 작동하지 않습니다. (0x1F)
12월 27, 2020 15:17:36.04 [1227/151736.044:ERROR:directory_reader_win.cc(43)] FindFirstFile: 지정된 경로를 찾을 수 없습니다. (0x3)

12월 28, 2020 17:00:34.83 NEW SESSION
12월 28, 2020 17:00:34.83 [11288:22244:1228/170034.825:ERROR:device_event_log_impl.cc(211)] [17:00:34.825] USB: usb_device_handle_win.cc:1020 Failed to read descriptor from node connection: 시스템에 부착된 장치가 작동하지 않습니다. (0x1F)
12월 28, 2020 17:00:34.84 [11288:22244:1228/170034.825:ERROR:device_event_log_impl.cc(211)] [17:00:34.825] USB: usb_device_handle_win.cc:1020 Failed to read descriptor from node connection: 시스템에 부착된 장치가 작동하지 않습니다. (0x1F)
12월 28, 2020 17:10:24.03 [1228/171024.036:ERROR:directory_reader_win.cc(43)] FindFirstFile: 지정된 경로를 찾을 수 없습니다. (0x3)
12월 28, 2020 19:11:37.10 [11288:22244:1228/191137.100:ERROR:device_event_log_impl.cc(211)] [19:11:37.099] USB: usb_service_win.cc:258 Failed to get device driver name: 요소가 없습니다. (0x490)

12월 28, 2020 22:34:59.55 NEW SESSION
12월 28, 2020 22:34:59.55 [3544:22668:1228/223459.552:ERROR:device_event_log_impl.cc(211)] [22:34:59.552] USB: usb_device_handle_win.cc:1020 Failed to read descriptor from node connection: 시스템에 부착된 장치가 작동하지 않습니다. (0x1F)
12월 28, 2020 22:34:59.56 [3544:22668:1228/223459.555:ERROR:device_event_log_impl.cc(211)] [22:34:59.556] USB: usb_device_handle_win.cc:1020 Failed to read descriptor from node connection: 시스템에 부착된 장치가 작동하지 않습니다. (0x1F)
12월 28, 2020 22:36:52.13 [3544:22668:1228/223652.136:ERROR:CONSOLE(0)] "TypeError: Cannot read property 'isAnonymousInlineStyleSheet' of null", source:  (0)

12월 29, 2020 03:02:34.09 NEW SESSION
12월 29, 2020 03:02:34.09 [23700:23776:1229/030234.095:ERROR:device_event_log_impl.cc(211)] [03:02:34.094] USB: usb_device_handle_win.cc:1020 Failed to read descriptor from node connection: 시스템에 부착된 장치가 작동하지 않습니다. (0x1F)
12월 29, 2020 03:02:34.09 [23700:23776:1229/030234.098:ERROR:device_event_log_impl.cc(211)] [03:02:34.097] USB: usb_device_handle_win.cc:1020 Failed to read descriptor from node connection: 시스템에 부착된 장치가 작동하지 않습니다. (0x1F)
12월 29, 2020 03:12:25.57 [1229/031225.576:ERROR:directory_reader_win.cc(43)] FindFirstFile: 지정된 경로를 찾을 수 없습니다. (0x3)
12월 29, 2020 04:04:41.91 [21880:20164:1229/040441.916:ERROR:device_event_log_impl.cc(211)] [04:04:41.917] USB: usb_device_handle_win.cc:1020 Failed to read descriptor from node connection: 시스템에 부착된 장치가 작동하지 않습니다. (0x1F)
12월 29, 2020 04:04:41.92 [21880:20164:1229/040441.917:ERROR:device_event_log_impl.cc(211)] [04:04:41.917] USB: usb_device_handle_win.cc:1020 Failed to read descriptor from node connection: 시스템에 부착된 장치가 작동하지 않습니다. (0x1F)
12월 29, 2020 04:09:55.29 [22896:1348:1229/040955.296:ERROR:device_event_log_impl.cc(211)] [04:09:55.296] USB: usb_device_handle_win.cc:1020 Failed to read descriptor from node connection: 시스템에 부착된 장치가 작동하지 않습니다. (0x1F)
12월 29, 2020 04:09:55.30 [22896:1348:1229/040955.297:ERROR:device_event_log_impl.cc(211)] [04:09:55.297] USB: usb_device_handle_win.cc:1020 Failed to read descriptor from node connection: 시스템에 부착된 장치가 작동하지 않습니다. (0x1F)
12월 29, 2020 04:09:55.30 [22896:1348:1229/040955.299:ERROR:device_event_log_impl.cc(211)] [04:09:55.299] USB: usb_device_handle_win.cc:1020 Failed to read descriptor from node connection: 시스템에 부착된 장치가 작동하지 않습니다. (0x1F)
12월 29, 2020 04:19:47.82 [1229/041947.819:ERROR:directory_reader_win.cc(43)] FindFirstFile: 지정된 경로를 찾을 수 없습니다. (0x3)

12월 29, 2020 04:24:20.34 NEW SESSION
12월 29, 2020 04:24:20.34 [17160:12888:1229/042420.343:ERROR:device_event_log_impl.cc(211)] [04:24:20.342] USB: usb_device_handle_win.cc:1020 Failed to read descriptor from node connection: 시스템에 부착된 장치가 작동하지 않습니다. (0x1F)
12월 29, 2020 04:24:20.34 [17160:12888:1229/042420.344:ERROR:device_event_log_impl.cc(211)] [04:24:20.343] USB: usb_device_handle_win.cc:1020 Failed to read descriptor from node connection: 시스템에 부착된 장치가 작동하지 않습니다. (0x1F)
12월 29, 2020 04:26:35.89 [2816:1872:1229/042635.893:ERROR:device_event_log_impl.cc(211)] [04:26:35.893] USB: usb_device_handle_win.cc:1020 Failed to read descriptor from node connection: 시스템에 부착된 장치가 작동하지 않습니다. (0x1F)
12월 29, 2020 04:26:35.89 [2816:1872:1229/042635.894:ERROR:device_event_log_impl.cc(211)] [04:26:35.894] USB: usb_device_handle_win.cc:1020 Failed to read descriptor from node connection: 시스템에 부착된 장치가 작동하지 않습니다. (0x1F)
12월 29, 2020 04:26:35.89 [2816:1872:1229/042635.896:ERROR:device_event_log_impl.cc(211)] [04:26:35.896] USB: usb_device_handle_win.cc:1020 Failed to read descriptor from node connection: 시스템에 부착된 장치가 작동하지 않습니다. (0x1F)
12월 29, 2020 04:31:07.66 [1548:3460:1229/043107.663:ERROR:device_event_log_impl.cc(211)] [04:31:07.662] USB: usb_device_handle_win.cc:1020 Failed to read descriptor from node connection: 시스템에 부착된 장치가 작동하지 않습니다. (0x1F)
12월 29, 2020 04:31:07.66 [1548:3460:1229/043107.664:ERROR:device_event_log_impl.cc(211)] [04:31:07.663] USB: usb_device_handle_win.cc:1020 Failed to read descriptor from node connection: 시스템에 부착된 장치가 작동하지 않습니다. (0x1F)
12월 29, 2020 04:41:06.28 [1229/044106.283:ERROR:directory_reader_win.cc(43)] FindFirstFile: 지정된 경로를 찾을 수 없습니다. (0x3)

12월 29, 2020 15:23:51.95 NEW SESSION
12월 29, 2020 15:23:51.95 [15888:9472:1229/152351.951:ERROR:device_event_log_impl.cc(211)] [15:23:51.951] USB: usb_device_handle_win.cc:1020 Failed to read descriptor from node connection: 시스템에 부착된 장치가 작동하지 않습니다. (0x1F)
12월 29, 2020 15:23:51.95 [15888:9472:1229/152351.951:ERROR:device_event_log_impl.cc(211)] [15:23:51.952] USB: usb_device_handle_win.cc:1020 Failed to read descriptor from node connection: 시스템에 부착된 장치가 작동하지 않습니다. (0x1F)
12월 29, 2020 15:33:44.50 [1229/153344.500:ERROR:directory_reader_win.cc(43)] FindFirstFile: 지정된 경로를 찾을 수 없습니다. (0x3)
12월 29, 2020 16:22:37.93 [12848:4272:1229/162237.937:ERROR:device_event_log_impl.cc(211)] [16:22:37.937] USB: usb_device_handle_win.cc:1020 Failed to read descriptor from node connection: 시스템에 부착된 장치가 작동하지 않습니다. (0x1F)
12월 29, 2020 16:22:37.93 [12848:4272:1229/162237.937:ERROR:device_event_log_impl.cc(211)] [16:22:37.937] USB: usb_device_handle_win.cc:1020 Failed to read descriptor from node connection: 시스템에 부착된 장치가 작동하지 않습니다. (0x1F)
12월 29, 2020 16:22:37.93 [12848:4272:1229/162237.939:ERROR:device_event_log_impl.cc(211)] [16:22:37.939] USB: usb_device_handle_win.cc:1020 Failed to read descriptor from node connection: 시스템에 부착된 장치가 작동하지 않습니다. (0x1F)
12월 29, 2020 16:26:02.24 [2500:2188:1229/162602.248:ERROR:device_event_log_impl.cc(211)] [16:26:02.249] USB: usb_device_handle_win.cc:1020 Failed to read descriptor from node connection: 시스템에 부착된 장치가 작동하지 않습니다. (0x1F)
12월 29, 2020 16:26:02.24 [2500:2188:1229/162602.249:ERROR:device_event_log_impl.cc(211)] [16:26:02.249] USB: usb_device_handle_win.cc:1020 Failed to read descriptor from node connection: 시스템에 부착된 장치가 작동하지 않습니다. (0x1F)
12월 29, 2020 16:26:02.25 [2500:2188:1229/162602.250:ERROR:device_event_log_impl.cc(211)] [16:26:02.251] USB: usb_device_handle_win.cc:1020 Failed to read descriptor from node connection: 시스템에 부착된 장치가 작동하지 않습니다. (0x1F)
12월 29, 2020 16:35:19.52 [8956:5684:1229/163519.522:ERROR:device_event_log_impl.cc(211)] [16:35:19.523] USB: usb_device_handle_win.cc:1020 Failed to read descriptor from node connection: 시스템에 부착된 장치가 작동하지 않습니다. (0x1F)
12월 29, 2020 16:35:19.52 [8956:5684:1229/163519.522:ERROR:device_event_log_impl.cc(211)] [16:35:19.523] USB: usb_device_handle_win.cc:1020 Failed to read descriptor from node connection: 시스템에 부착된 장치가 작동하지 않습니다. (0x1F)
12월 29, 2020 16:45:42.61 [19304:17140:1229/164542.616:ERROR:device_event_log_impl.cc(211)] [16:45:42.616] USB: usb_device_handle_win.cc:1020 Failed to read descriptor from node connection: 시스템에 부착된 장치가 작동하지 않습니다. (0x1F)
12월 29, 2020 16:45:42.61 [19304:17140:1229/164542.617:ERROR:device_event_log_impl.cc(211)] [16:45:42.617] USB: usb_device_handle_win.cc:1020 Failed to read descriptor from node connection: 시스템에 부착된 장치가 작동하지 않습니다. (0x1F)
12월 29, 2020 16:45:42.62 [19304:17140:1229/164542.622:ERROR:device_event_log_impl.cc(211)] [16:45:42.622] USB: usb_device_handle_win.cc:1020 Failed to read descriptor from node connection: 시스템에 부착된 장치가 작동하지 않습니다. (0x1F)
12월 29, 2020 16:55:40.19 [1229/165540.193:ERROR:directory_reader_win.cc(43)] FindFirstFile: 지정된 경로를 찾을 수 없습니다. (0x3)
12월 29, 2020 17:05:37.88 [19124:16224:1229/170537.883:ERROR:device_event_log_impl.cc(211)] [17:05:37.883] USB: usb_device_handle_win.cc:1020 Failed to read descriptor from node connection: 시스템에 부착된 장치가 작동하지 않습니다. (0x1F)
12월 29, 2020 17:05:37.88 [19124:16224:1229/170537.883:ERROR:device_event_log_impl.cc(211)] [17:05:37.884] USB: usb_device_handle_win.cc:1020 Failed to read descriptor from node connection: 시스템에 부착된 장치가 작동하지 않습니다. (0x1F)
12월 29, 2020 17:05:37.88 [19124:16224:1229/170537.883:ERROR:device_event_log_impl.cc(211)] [17:05:37.884] USB: usb_device_handle_win.cc:1020 Failed to read descriptor from node connection: 시스템에 부착된 장치가 작동하지 않습니다. (0x1F)
12월 29, 2020 17:15:27.43 [1229/171527.434:ERROR:directory_reader_win.cc(43)] FindFirstFile: 지정된 경로를 찾을 수 없습니다. (0x3)
12월 29, 2020 18:01:00.09 [19124:16224:1229/180100.099:ERROR:CONSOLE(0)] "TypeError: Cannot read property 'isAnonymousInlineStyleSheet' of null", source:  (0)
12월 29, 2020 18:01:09.43 [19124:16224:1229/180109.436:ERROR:CONSOLE(0)] "TypeError: Cannot read property 'isAnonymousInlineStyleSheet' of null", source:  (0)
12월 29, 2020 19:14:46.99 [19124:16224:1229/191446.990:ERROR:device_event_log_impl.cc(211)] [19:14:46.989] USB: usb_service_win.cc:258 Failed to get device driver name: 요소가 없습니다. (0x490)
12월 29, 2020 19:58:31.52 [20720:18576:1229/195831.522:ERROR:device_event_log_impl.cc(211)] [19:58:31.523] USB: usb_device_handle_win.cc:1020 Failed to read descriptor from node connection: 시스템에 부착된 장치가 작동하지 않습니다. (0x1F)
12월 29, 2020 19:58:31.52 [20720:18576:1229/195831.526:ERROR:device_event_log_impl.cc(211)] [19:58:31.526] USB: usb_device_handle_win.cc:1020 Failed to read descriptor from node connection: 시스템에 부착된 장치가 작동하지 않습니다. (0x1F)
12월 29, 2020 20:08:20.11 [1229/200820.115:ERROR:directory_reader_win.cc(43)] FindFirstFile: 지정된 경로를 찾을 수 없습니다. (0x3)
12월 29, 2020 20:15:22.00 [20440:19692:1229/201522.002:ERROR:device_event_log_impl.cc(211)] [20:15:22.002] USB: usb_device_handle_win.cc:1020 Failed to read descriptor from node connection: 시스템에 부착된 장치가 작동하지 않습니다. (0x1F)
12월 29, 2020 20:15:22.00 [20440:19692:1229/201522.002:ERROR:device_event_log_impl.cc(211)] [20:15:22.003] USB: usb_device_handle_win.cc:1020 Failed to read descriptor from node connection: 시스템에 부착된 장치가 작동하지 않습니다. (0x1F)
12월 29, 2020 20:15:22.00 [20440:19692:1229/201522.005:ERROR:device_event_log_impl.cc(211)] [20:15:22.005] USB: usb_device_handle_win.cc:1020 Failed to read descriptor from node connection: 시스템에 부착된 장치가 작동하지 않습니다. (0x1F)
12월 29, 2020 20:25:19.55 [1229/202519.552:ERROR:directory_reader_win.cc(43)] FindFirstFile: 지정된 경로를 찾을 수 없습니다. (0x3)
12월 29, 2020 20:26:55.91 [20440:19692:1229/202655.910:ERROR:CONSOLE(0)] "TypeError: Cannot read property 'isAnonymousInlineStyleSheet' of null", source:  (0)
12월 29, 2020 20:26:57.12 [20440:19692:1229/202657.120:ERROR:CONSOLE(0)] "TypeError: Cannot read property 'isAnonymousInlineStyleSheet' of null", source:  (0)
12월 29, 2020 20:55:44.97 [14148:20996:1229/205544.971:ERROR:device_event_log_impl.cc(211)] [20:55:44.972] USB: usb_device_handle_win.cc:1020 Failed to read descriptor from node connection: 시스템에 부착된 장치가 작동하지 않습니다. (0x1F)
12월 29, 2020 20:55:44.97 [14148:20996:1229/205544.973:ERROR:device_event_log_impl.cc(211)] [20:55:44.973] USB: usb_device_handle_win.cc:1020 Failed to read descriptor from node connection: 시스템에 부착된 장치가 작동하지 않습니다. (0x1F)
12월 29, 2020 21:04:18.59 [14148:20996:1229/210418.597:ERROR:CONSOLE(0)] "TypeError: Cannot read property 'isAnonymousInlineStyleSheet' of null", source:  (0)
12월 29, 2020 21:05:43.51 [1229/210543.514:ERROR:directory_reader_win.cc(43)] FindFirstFile: 지정된 경로를 찾을 수 없습니다. (0x3)
12월 29, 2020 21:11:41.41 [14148:20996:1229/211141.415:ERROR:CONSOLE(0)] "TypeError: Cannot read property 'isAnonymousInlineStyleSheet' of null", source:  (0)
12월 29, 2020 21:11:42.48 [14148:20996:1229/211142.482:ERROR:CONSOLE(0)] "TypeError: Cannot read property 'isAnonymousInlineStyleSheet' of null", source:  (0)
12월 29, 2020 21:14:58.58 [14148:20996:1229/211458.580:ERROR:CONSOLE(0)] "TypeError: Cannot read property 'isAnonymousInlineStyleSheet' of null", source:  (0)
12월 29, 2020 21:20:17.22 [14148:20996:1229/212017.228:ERROR:CONSOLE(0)] "TypeError: Cannot read property 'isAnonymousInlineStyleSheet' of null", source:  (0)

12월 30, 2020 15:35:46.33 NEW SESSION
12월 30, 2020 15:35:46.33 [19616:7992:1230/153546.336:ERROR:device_event_log_impl.cc(211)] [15:35:46.336] USB: usb_device_handle_win.cc:1020 Failed to read descriptor from node connection: 시스템에 부착된 장치가 작동하지 않습니다. (0x1F)
12월 30, 2020 15:35:46.33 [19616:7992:1230/153546.336:ERROR:device_event_log_impl.cc(211)] [15:35:46.336] USB: usb_device_handle_win.cc:1020 Failed to read descriptor from node connection: 시스템에 부착된 장치가 작동하지 않습니다. (0x1F)
12월 30, 2020 15:45:41.50 [1230/154541.506:ERROR:directory_reader_win.cc(43)] FindFirstFile: 지정된 경로를 찾을 수 없습니다. (0x3)
12월 30, 2020 16:19:49.84 [19616:7992:1230/161949.845:ERROR:CONSOLE(0)] "TypeError: Cannot read property 'isAnonymousInlineStyleSheet' of null", source:  (0)
12월 30, 2020 16:20:53.96 [20420:16172:1230/162053.962:ERROR:device_event_log_impl.cc(211)] [16:20:53.961] USB: usb_device_handle_win.cc:1020 Failed to read descriptor from node connection: 시스템에 부착된 장치가 작동하지 않습니다. (0x1F)
12월 30, 2020 16:20:53.96 [20420:16172:1230/162053.962:ERROR:device_event_log_impl.cc(211)] [16:20:53.962] USB: usb_device_handle_win.cc:1020 Failed to read descriptor from node connection: 시스템에 부착된 장치가 작동하지 않습니다. (0x1F)
12월 30, 2020 16:30:48.49 [1230/163048.491:ERROR:directory_reader_win.cc(43)] FindFirstFile: 지정된 경로를 찾을 수 없습니다. (0x3)
12월 30, 2020 16:33:14.82 [20420:16172:1230/163314.824:ERROR:CONSOLE(0)] "TypeError: Cannot read property 'isAnonymousInlineStyleSheet' of null", source:  (0)
12월 30, 2020 16:37:39.21 [14916:14688:1230/163739.213:ERROR:device_event_log_impl.cc(211)] [16:37:39.213] USB: usb_device_handle_win.cc:1020 Failed to read descriptor from node connection: 시스템에 부착된 장치가 작동하지 않습니다. (0x1F)
12월 30, 2020 16:37:39.21 [14916:14688:1230/163739.213:ERROR:device_event_log_impl.cc(211)] [16:37:39.213] USB: usb_device_handle_win.cc:1020 Failed to read descriptor from node connection: 시스템에 부착된 장치가 작동하지 않습니다. (0x1F)
12월 30, 2020 16:37:39.21 [14916:14688:1230/163739.216:ERROR:device_event_log_impl.cc(211)] [16:37:39.217] USB: usb_device_handle_win.cc:1020 Failed to read descriptor from node connection: 시스템에 부착된 장치가 작동하지 않습니다. (0x1F)
12월 30, 2020 16:37:39.21 [14916:14688:1230/163739.217:ERROR:device_event_log_impl.cc(211)] [16:37:39.217] USB: usb_device_handle_win.cc:1020 Failed to read descriptor from node connection: 시스템에 부착된 장치가 작동하지 않습니다. (0x1F)
12월 30, 2020 16:38:05.10 [20240:5804:1230/163805.106:ERROR:device_event_log_impl.cc(211)] [16:38:05.106] USB: usb_device_handle_win.cc:1020 Failed to read descriptor from node connection: 시스템에 부착된 장치가 작동하지 않습니다. (0x1F)
12월 30, 2020 16:38:05.10 [20240:5804:1230/163805.108:ERROR:device_event_log_impl.cc(211)] [16:38:05.108] USB: usb_device_handle_win.cc:1020 Failed to read descriptor from node connection: 시스템에 부착된 장치가 작동하지 않습니다. (0x1F)
12월 30, 2020 16:47:54.69 [1230/164754.693:ERROR:directory_reader_win.cc(43)] FindFirstFile: 지정된 경로를 찾을 수 없습니다. (0x3)

12월 31, 2020 16:51:39.45 NEW SESSION
12월 31, 2020 16:51:39.45 [19512:8944:1231/165139.456:ERROR:device_event_log_impl.cc(211)] [16:51:39.456] USB: usb_device_handle_win.cc:1020 Failed to read descriptor from node connection: 시스템에 부착된 장치가 작동하지 않습니다. (0x1F)
12월 31, 2020 16:51:39.45 [19512:8944:1231/165139.456:ERROR:device_event_log_impl.cc(211)] [16:51:39.456] USB: usb_device_handle_win.cc:1020 Failed to read descriptor from node connection: 시스템에 부착된 장치가 작동하지 않습니다. (0x1F)
12월 31, 2020 16:58:36.28 [19868:20092:1231/165836.288:ERROR:device_event_log_impl.cc(211)] [16:58:36.289] USB: usb_device_handle_win.cc:1020 Failed to read descriptor from node connection: 시스템에 부착된 장치가 작동하지 않습니다. (0x1F)
12월 31, 2020 16:58:36.28 [19868:20092:1231/165836.288:ERROR:device_event_log_impl.cc(211)] [16:58:36.289] USB: usb_device_handle_win.cc:1020 Failed to read descriptor from node connection: 시스템에 부착된 장치가 작동하지 않습니다. (0x1F)
12월 31, 2020 17:08:24.91 [1231/170824.913:ERROR:directory_reader_win.cc(43)] FindFirstFile: 지정된 경로를 찾을 수 없습니다. (0x3)
12월 31, 2020 18:03:12.77 [19868:20092:1231/180312.776:ERROR:CONSOLE(0)] "TypeError: Cannot read property 'isAnonymousInlineStyleSheet' of null", source:  (0)
12월 31, 2020 18:03:31.38 [19868:20092:1231/180331.380:ERROR:CONSOLE(0)] "TypeError: Cannot read property 'isAnonymousInlineStyleSheet' of null", source:  (0)
12월 31, 2020 18:17:26.82 [19868:20092:1231/181726.819:ERROR:CONSOLE(0)] "TypeError: Cannot read property 'isAnonymousInlineStyleSheet' of null", source:  (0)
12월 31, 2020 18:17:28.44 [19868:20092:1231/181728.439:ERROR:CONSOLE(0)] "TypeError: Cannot read property 'isAnonymousInlineStyleSheet' of null", source:  (0)
12월 31, 2020 18:17:30.61 [19868:20092:1231/181730.610:ERROR:CONSOLE(0)] "TypeError: Cannot read property 'isAnonymousInlineStyleSheet' of null", source:  (0)
12월 31, 2020 18:22:44.73 [19868:20092:1231/182244.733:ERROR:CONSOLE(0)] "TypeError: Cannot read property 'isAnonymousInlineStyleSheet' of null", source:  (0)
12월 31, 2020 18:31:17.05 [19868:20092:1231/183117.058:ERROR:CONSOLE(0)] "TypeError: Cannot read property 'isAnonymousInlineStyleSheet' of null", source:  (0)

1월 02, 2021 17:51:48.73 NEW SESSION
1월 02, 2021 17:51:48.73 [16572:14100:0102/175148.731:ERROR:device_event_log_impl.cc(211)] [17:51:48.731] USB: usb_device_handle_win.cc:1020 Failed to read descriptor from node connection: 시스템에 부착된 장치가 작동하지 않습니다. (0x1F)
1월 02, 2021 17:51:48.73 [16572:14100:0102/175148.732:ERROR:device_event_log_impl.cc(211)] [17:51:48.732] USB: usb_device_handle_win.cc:1020 Failed to read descriptor from node connection: 시스템에 부착된 장치가 작동하지 않습니다. (0x1F)
1월 02, 2021 18:01:47.23 [0102/180147.236:ERROR:directory_reader_win.cc(43)] FindFirstFile: 지정된 경로를 찾을 수 없습니다. (0x3)
1월 02, 2021 19:06:50.60 [16572:13448:0102/190650.601:ERROR:connection_factory_impl.cc(428)] Failed to connect to MCS endpoint with error -105
1월 02, 2021 19:07:12.05 [16572:14100:0102/190712.055:ERROR:device_event_log_impl.cc(211)] [19:07:12.054] USB: usb_service_win.cc:258 Failed to get device driver name: 요소가 없습니다. (0x490)
1월 02, 2021 19:52:59.33 [11084:12988:0102/195259.332:ERROR:device_event_log_impl.cc(211)] [19:52:59.332] USB: usb_device_handle_win.cc:1020 Failed to read descriptor from node connection: 시스템에 부착된 장치가 작동하지 않습니다. (0x1F)
1월 02, 2021 19:52:59.33 [11084:12988:0102/195259.333:ERROR:device_event_log_impl.cc(211)] [19:52:59.333] USB: usb_device_handle_win.cc:1020 Failed to read descriptor from node connection: 시스템에 부착된 장치가 작동하지 않습니다. (0x1F)
1월 02, 2021 20:02:50.87 [0102/200250.874:ERROR:directory_reader_win.cc(43)] FindFirstFile: 지정된 경로를 찾을 수 없습니다. (0x3)
1월 02, 2021 20:13:51.88 [11084:12988:0102/201351.881:ERROR:CONSOLE(0)] "TypeError: Cannot read property 'isAnonymousInlineStyleSheet' of null", source:  (0)
1월 02, 2021 21:56:30.68 [11084:12988:0102/215630.681:ERROR:device_event_log_impl.cc(211)] [21:56:30.680] USB: usb_service_win.cc:258 Failed to get device driver name: 요소가 없습니다. (0x490)
1월 02, 2021 23:20:35.23 [4936:6912:0102/232035.229:ERROR:device_event_log_impl.cc(211)] [23:20:35.229] USB: usb_device_handle_win.cc:1020 Failed to read descriptor from node connection: 시스템에 부착된 장치가 작동하지 않습니다. (0x1F)
1월 02, 2021 23:20:35.23 [4936:6912:0102/232035.230:ERROR:device_event_log_impl.cc(211)] [23:20:35.230] USB: usb_device_handle_win.cc:1020 Failed to read descriptor from node connection: 시스템에 부착된 장치가 작동하지 않습니다. (0x1F)
1월 02, 2021 23:30:30.71 [0102/233030.710:ERROR:directory_reader_win.cc(43)] FindFirstFile: 지정된 경로를 찾을 수 없습니다. (0x3)

1월 03, 2021 14:54:33.09 NEW SESSION
1월 03, 2021 14:54:33.09 [12820:14188:0103/145433.090:ERROR:device_event_log_impl.cc(211)] [14:54:33.090] USB: usb_device_handle_win.cc:1020 Failed to read descriptor from node connection: 시스템에 부착된 장치가 작동하지 않습니다. (0x1F)
1월 03, 2021 14:54:33.09 [12820:14188:0103/145433.090:ERROR:device_event_log_impl.cc(211)] [14:54:33.090] USB: usb_device_handle_win.cc:1020 Failed to read descriptor from node connection: 시스템에 부착된 장치가 작동하지 않습니다. (0x1F)
1월 03, 2021 15:04:29.54 [0103/150429.540:ERROR:directory_reader_win.cc(43)] FindFirstFile: 지정된 경로를 찾을 수 없습니다. (0x3)
1월 03, 2021 15:05:08.89 [12820:14188:0103/150508.891:ERROR:CONSOLE(0)] "TypeError: Cannot read property 'isAnonymousInlineStyleSheet' of null", source:  (0)
1월 03, 2021 15:17:15.27 [12820:14188:0103/151715.271:ERROR:CONSOLE(0)] "TypeError: Cannot read property 'isAnonymousInlineStyleSheet' of null", source:  (0)
1월 03, 2021 15:26:52.79 [12820:14188:0103/152652.790:ERROR:CONSOLE(0)] "TypeError: Cannot read property 'isAnonymousInlineStyleSheet' of null", source:  (0)
1월 03, 2021 19:45:34.86 [12820:14188:0103/194534.861:ERROR:CONSOLE(0)] "TypeError: Cannot read property 'isAnonymousInlineStyleSheet' of null", source:  (0)
1월 03, 2021 19:49:08.96 [12820:14188:0103/194908.964:ERROR:CONSOLE(0)] "TypeError: Cannot read property 'isAnonymousInlineStyleSheet' of null", source:  (0)
1월 03, 2021 19:49:09.71 [12820:14188:0103/194909.710:ERROR:CONSOLE(0)] "TypeError: Cannot read property 'isAnonymousInlineStyleSheet' of null", source:  (0)
1월 03, 2021 19:49:10.08 [12820:14188:0103/194910.086:ERROR:CONSOLE(0)] "TypeError: Cannot read property 'isAnonymousInlineStyleSheet' of null", source:  (0)
1월 03, 2021 19:49:10.27 [12820:14188:0103/194910.275:ERROR:CONSOLE(0)] "TypeError: Cannot read property 'isAnonymousInlineStyleSheet' of null", source:  (0)
1월 03, 2021 19:51:32.22 [12820:14188:0103/195132.223:ERROR:CONSOLE(0)] "TypeError: Cannot read property 'isAnonymousInlineStyleSheet' of null", source:  (0)
1월 03, 2021 19:52:15.60 [12820:14188:0103/195215.605:ERROR:CONSOLE(0)] "TypeError: Cannot read property 'isAnonymousInlineStyleSheet' of null", source:  (0)
1월 03, 2021 19:52:17.50 [12820:14188:0103/195217.507:ERROR:CONSOLE(0)] "TypeError: Cannot read property 'isAnonymousInlineStyleSheet' of null", source:  (0)
1월 03, 2021 19:52:21.69 [12820:14188:0103/195221.698:ERROR:CONSOLE(0)] "TypeError: Cannot read property 'isAnonymousInlineStyleSheet' of null", source:  (0)
1월 03, 2021 19:56:37.94 [12820:14188:0103/195637.946:ERROR:CONSOLE(0)] "TypeError: Cannot read property 'isAnonymousInlineStyleSheet' of null", source:  (0)
1월 03, 2021 19:56:51.02 [12820:14188:0103/195651.021:ERROR:CONSOLE(0)] "TypeError: Cannot read property 'isAnonymousInlineStyleSheet' of null", source:  (0)
1월 03, 2021 19:56:51.19 [12820:14188:0103/195651.199:ERROR:CONSOLE(0)] "TypeError: Cannot read property 'isAnonymousInlineStyleSheet' of null", source:  (0)
1월 03, 2021 19:56:51.56 [12820:14188:0103/195651.564:ERROR:CONSOLE(0)] "TypeError: Cannot read property 'isAnonymousInlineStyleSheet' of null", source:  (0)
1월 03, 2021 19:56:51.74 [12820:14188:0103/195651.739:ERROR:CONSOLE(0)] "TypeError: Cannot read property 'isAnonymousInlineStyleSheet' of null", source:  (0)
1월 03, 2021 19:56:51.92 [12820:14188:0103/195651.926:ERROR:CONSOLE(0)] "TypeError: Cannot read property 'isAnonymousInlineStyleSheet' of null", source:  (0)
1월 03, 2021 19:56:52.29 [12820:14188:0103/195652.290:ERROR:CONSOLE(0)] "TypeError: Cannot read property 'isAnonymousInlineStyleSheet' of null", source:  (0)
1월 03, 2021 19:57:02.68 [12820:14188:0103/195702.682:ERROR:CONSOLE(0)] "TypeError: Cannot read property 'isAnonymousInlineStyleSheet' of null", source:  (0)
1월 03, 2021 19:59:05.73 [12820:14188:0103/195905.737:ERROR:CONSOLE(0)] "TypeError: Cannot read property 'isAnonymousInlineStyleSheet' of null", source:  (0)
1월 03, 2021 19:59:06.26 [12820:14188:0103/195906.265:ERROR:CONSOLE(0)] "TypeError: Cannot read property 'isAnonymousInlineStyleSheet' of null", source:  (0)
1월 03, 2021 19:59:06.64 [12820:14188:0103/195906.641:ERROR:CONSOLE(0)] "TypeError: Cannot read property 'isAnonymousInlineStyleSheet' of null", source:  (0)
1월 03, 2021 19:59:32.71 [12820:14188:0103/195932.718:ERROR:CONSOLE(0)] "TypeError: Cannot read property 'isAnonymousInlineStyleSheet' of null", source:  (0)
1월 03, 2021 19:59:33.06 [12820:14188:0103/195933.066:ERROR:CONSOLE(0)] "TypeError: Cannot read property 'isAnonymousInlineStyleSheet' of null", source:  (0)
1월 03, 2021 19:59:33.25 [12820:14188:0103/195933.251:ERROR:CONSOLE(0)] "TypeError: Cannot read property 'isAnonymousInlineStyleSheet' of null", source:  (0)
1월 03, 2021 19:59:33.42 [12820:14188:0103/195933.426:ERROR:CONSOLE(0)] "TypeError: Cannot read property 'isAnonymousInlineStyleSheet' of null", source:  (0)
1월 03, 2021 20:05:00.43 [12820:14188:0103/200500.436:ERROR:CONSOLE(0)] "TypeError: Cannot read property 'isAnonymousInlineStyleSheet' of null", source:  (0)
1월 03, 2021 20:05:00.59 [12820:14188:0103/200500.594:ERROR:CONSOLE(0)] "TypeError: Cannot read property 'isAnonymousInlineStyleSheet' of null", source:  (0)
1월 03, 2021 20:05:00.82 [12820:14188:0103/200500.819:ERROR:CONSOLE(0)] "TypeError: Cannot read property 'isAnonymousInlineStyleSheet' of null", source:  (0)
1월 03, 2021 20:05:00.98 [12820:14188:0103/200500.980:ERROR:CONSOLE(0)] "TypeError: Cannot read property 'isAnonymousInlineStyleSheet' of null", source:  (0)
1월 03, 2021 20:06:53.04 [12820:14188:0103/200653.041:ERROR:CONSOLE(0)] "TypeError: Cannot read property 'isAnonymousInlineStyleSheet' of null", source:  (0)
1월 03, 2021 20:07:14.05 [12820:14188:0103/200714.052:ERROR:CONSOLE(0)] "TypeError: Cannot read property 'isAnonymousInlineStyleSheet' of null", source:  (0)
1월 03, 2021 20:09:26.48 [12820:14188:0103/200926.488:ERROR:CONSOLE(0)] "TypeError: Cannot read property 'isAnonymousInlineStyleSheet' of null", source:  (0)
1월 03, 2021 20:09:27.09 [12820:14188:0103/200927.096:ERROR:CONSOLE(0)] "TypeError: Cannot read property 'isAnonymousInlineStyleSheet' of null", source:  (0)
1월 03, 2021 20:11:04.51 [12820:14188:0103/201104.517:ERROR:CONSOLE(0)] "TypeError: Cannot read property 'isAnonymousInlineStyleSheet' of null", source:  (0)
1월 03, 2021 20:11:06.43 [12820:14188:0103/201106.433:ERROR:CONSOLE(0)] "TypeError: Cannot read property 'isAnonymousInlineStyleSheet' of null", source:  (0)
1월 03, 2021 20:11:19.80 [12820:14188:0103/201119.802:ERROR:CONSOLE(0)] "TypeError: Cannot read property 'isAnonymousInlineStyleSheet' of null", source:  (0)
1월 03, 2021 20:11:21.35 [12820:14188:0103/201121.353:ERROR:CONSOLE(0)] "TypeError: Cannot read property 'isAnonymousInlineStyleSheet' of null", source:  (0)
1월 03, 2021 20:15:07.91 [12820:14188:0103/201507.913:ERROR:CONSOLE(0)] "TypeError: Cannot read property 'isAnonymousInlineStyleSheet' of null", source:  (0)
1월 03, 2021 20:15:08.60 [12820:14188:0103/201508.601:ERROR:CONSOLE(0)] "TypeError: Cannot read property 'isAnonymousInlineStyleSheet' of null", source:  (0)
1월 03, 2021 20:16:12.50 [12820:14188:0103/201612.504:ERROR:CONSOLE(0)] "TypeError: Cannot read property 'isAnonymousInlineStyleSheet' of null", source:  (0)
1월 03, 2021 20:16:12.67 [12820:14188:0103/201612.679:ERROR:CONSOLE(0)] "TypeError: Cannot read property 'isAnonymousInlineStyleSheet' of null", source:  (0)
1월 03, 2021 20:16:13.04 [12820:14188:0103/201613.045:ERROR:CONSOLE(0)] "TypeError: Cannot read property 'isAnonymousInlineStyleSheet' of null", source:  (0)
1월 03, 2021 20:16:13.21 [12820:14188:0103/201613.213:ERROR:CONSOLE(0)] "TypeError: Cannot read property 'isAnonymousInlineStyleSheet' of null", source:  (0)
1월 03, 2021 20:16:13.56 [12820:14188:0103/201613.560:ERROR:CONSOLE(0)] "TypeError: Cannot read property 'isAnonymousInlineStyleSheet' of null", source:  (0)
1월 03, 2021 20:16:13.90 [12820:14188:0103/201613.906:ERROR:CONSOLE(0)] "TypeError: Cannot read property 'isAnonymousInlineStyleSheet' of null", source:  (0)
1월 03, 2021 20:16:14.27 [12820:14188:0103/201614.278:ERROR:CONSOLE(0)] "TypeError: Cannot read property 'isAnonymousInlineStyleSheet' of null", source:  (0)
1월 03, 2021 20:16:15.38 [12820:14188:0103/201615.385:ERROR:CONSOLE(0)] "TypeError: Cannot read property 'isAnonymousInlineStyleSheet' of null", source:  (0)
1월 03, 2021 20:16:15.55 [12820:14188:0103/201615.553:ERROR:CONSOLE(0)] "TypeError: Cannot read property 'isAnonymousInlineStyleSheet' of null", source:  (0)
1월 03, 2021 20:16:15.74 [12820:14188:0103/201615.740:ERROR:CONSOLE(0)] "TypeError: Cannot read property 'isAnonymousInlineStyleSheet' of null", source:  (0)
1월 03, 2021 20:16:16.48 [12820:14188:0103/201616.482:ERROR:CONSOLE(0)] "TypeError: Cannot read property 'isAnonymousInlineStyleSheet' of null", source:  (0)
1월 03, 2021 20:16:16.65 [12820:14188:0103/201616.654:ERROR:CONSOLE(0)] "TypeError: Cannot read property 'isAnonymousInlineStyleSheet' of null", source:  (0)
1월 03, 2021 20:16:16.85 [12820:14188:0103/201616.851:ERROR:CONSOLE(0)] "TypeError: Cannot read property 'isAnonymousInlineStyleSheet' of null", source:  (0)
1월 03, 2021 20:18:33.77 [12820:14188:0103/201833.771:ERROR:CONSOLE(0)] "TypeError: Cannot read property 'isAnonymousInlineStyleSheet' of null", source:  (0)

1월 04, 2021 14:06:45.30 NEW SESSION
1월 04, 2021 14:06:45.30 [23428:23588:0104/140645.305:ERROR:device_event_log_impl.cc(211)] [14:06:45.305] USB: usb_device_handle_win.cc:1020 Failed to read descriptor from node connection: 시스템에 부착된 장치가 작동하지 않습니다. (0x1F)
1월 04, 2021 14:06:45.30 [23428:23588:0104/140645.305:ERROR:device_event_log_impl.cc(211)] [14:06:45.305] USB: usb_device_handle_win.cc:1020 Failed to read descriptor from node connection: 시스템에 부착된 장치가 작동하지 않습니다. (0x1F)
1월 04, 2021 14:16:40.56 [0104/141640.559:ERROR:directory_reader_win.cc(43)] FindFirstFile: 지정된 경로를 찾을 수 없습니다. (0x3)
1월 04, 2021 14:37:53.88 [23428:23588:0104/143753.885:ERROR:CONSOLE(0)] "TypeError: Cannot read property 'isAnonymousInlineStyleSheet' of null", source:  (0)

1월 04, 2021 18:33:04.36 NEW SESSION
1월 04, 2021 18:33:04.36 [8528:14300:0104/183304.365:ERROR:device_event_log_impl.cc(211)] [18:33:04.365] USB: usb_device_handle_win.cc:1020 Failed to read descriptor from node connection: 시스템에 부착된 장치가 작동하지 않습니다. (0x1F)
1월 04, 2021 18:33:04.36 [8528:14300:0104/183304.365:ERROR:device_event_log_impl.cc(211)] [18:33:04.365] USB: usb_device_handle_win.cc:1020 Failed to read descriptor from node connection: 시스템에 부착된 장치가 작동하지 않습니다. (0x1F)
1월 04, 2021 18:35:05.23 [20704:2704:0104/183505.236:ERROR:device_event_log_impl.cc(211)] [18:35:05.237] USB: usb_device_handle_win.cc:1020 Failed to read descriptor from node connection: 시스템에 부착된 장치가 작동하지 않습니다. (0x1F)
1월 04, 2021 18:35:05.23 [20704:2704:0104/183505.237:ERROR:device_event_log_impl.cc(211)] [18:35:05.237] USB: usb_device_handle_win.cc:1020 Failed to read descriptor from node connection: 시스템에 부착된 장치가 작동하지 않습니다. (0x1F)
1월 04, 2021 18:44:54.77 [0104/184454.778:ERROR:directory_reader_win.cc(43)] FindFirstFile: 지정된 경로를 찾을 수 없습니다. (0x3)
1월 04, 2021 19:30:30.40 [9796:3168:0104/193030.405:ERROR:device_event_log_impl.cc(211)] [19:30:30.405] USB: usb_device_handle_win.cc:1020 Failed to read descriptor from node connection: 시스템에 부착된 장치가 작동하지 않습니다. (0x1F)
1월 04, 2021 19:30:30.40 [9796:3168:0104/193030.406:ERROR:device_event_log_impl.cc(211)] [19:30:30.405] USB: usb_device_handle_win.cc:1020 Failed to read descriptor from node connection: 시스템에 부착된 장치가 작동하지 않습니다. (0x1F)
1월 04, 2021 19:34:26.41 [9796:3168:0104/193426.412:ERROR:device_event_log_impl.cc(211)] [19:34:26.410] USB: usb_service_win.cc:258 Failed to get device driver name: 요소가 없습니다. (0x490)
1월 04, 2021 19:40:27.95 [0104/194027.950:ERROR:directory_reader_win.cc(43)] FindFirstFile: 지정된 경로를 찾을 수 없습니다. (0x3)

1월 05, 2021 16:55:50.79 NEW SESSION
1월 05, 2021 16:55:50.79 [11940:17608:0105/165550.795:ERROR:device_event_log_impl.cc(211)] [16:55:50.795] USB: usb_device_handle_win.cc:1020 Failed to read descriptor from node connection: 시스템에 부착된 장치가 작동하지 않습니다. (0x1F)
1월 05, 2021 16:55:50.79 [11940:17608:0105/165550.795:ERROR:device_event_log_impl.cc(211)] [16:55:50.795] USB: usb_device_handle_win.cc:1020 Failed to read descriptor from node connection: 시스템에 부착된 장치가 작동하지 않습니다. (0x1F)
1월 05, 2021 16:55:50.79 [11940:17608:0105/165550.795:ERROR:device_event_log_impl.cc(211)] [16:55:50.795] USB: usb_device_handle_win.cc:1020 Failed to read descriptor from node connection: 시스템에 부착된 장치가 작동하지 않습니다. (0x1F)
1월 05, 2021 17:06:38.32 [1392:18720:0105/170638.321:ERROR:device_event_log_impl.cc(211)] [17:06:38.320] USB: usb_device_handle_win.cc:1020 Failed to read descriptor from node connection: 시스템에 부착된 장치가 작동하지 않습니다. (0x1F)
1월 05, 2021 17:06:38.32 [1392:18720:0105/170638.322:ERROR:device_event_log_impl.cc(211)] [17:06:38.321] USB: usb_device_handle_win.cc:1020 Failed to read descriptor from node connection: 시스템에 부착된 장치가 작동하지 않습니다. (0x1F)
1월 05, 2021 17:10:31.61 [1392:5692:0105/171031.616:ERROR:connection_factory_impl.cc(428)] Failed to connect to MCS endpoint with error -105
1월 05, 2021 17:16:28.97 [0105/171628.958:ERROR:directory_reader_win.cc(43)] FindFirstFile: 지정된 경로를 찾을 수 없습니다. (0x3)
1월 05, 2021 17:19:34.35 [1392:18720:0105/171934.352:ERROR:device_event_log_impl.cc(211)] [17:19:34.351] USB: usb_service_win.cc:258 Failed to get device driver name: 요소가 없습니다. (0x490)
1월 05, 2021 17:59:14.08 [8528:13180:0105/175914.082:ERROR:device_event_log_impl.cc(211)] [17:59:14.082] USB: usb_device_handle_win.cc:1020 Failed to read descriptor from node connection: 시스템에 부착된 장치가 작동하지 않습니다. (0x1F)
1월 05, 2021 17:59:14.08 [8528:13180:0105/175914.083:ERROR:device_event_log_impl.cc(211)] [17:59:14.083] USB: usb_device_handle_win.cc:1020 Failed to read descriptor from node connection: 시스템에 부착된 장치가 작동하지 않습니다. (0x1F)
1월 05, 2021 17:59:14.08 [8528:13180:0105/175914.083:ERROR:device_event_log_impl.cc(211)] [17:59:14.083] USB: usb_device_handle_win.cc:1020 Failed to read descriptor from node connection: 시스템에 부착된 장치가 작동하지 않습니다. (0x1F)
1월 05, 2021 18:09:05.72 [0105/180905.722:ERROR:directory_reader_win.cc(43)] FindFirstFile: 지정된 경로를 찾을 수 없습니다. (0x3)
1월 05, 2021 18:43:53.43 [8528:13180:0105/184353.436:ERROR:CONSOLE(0)] "TypeError: Cannot read property 'isAnonymousInlineStyleSheet' of null", source:  (0)
1월 05, 2021 18:43:53.59 [8528:13180:0105/184353.590:ERROR:CONSOLE(0)] "TypeError: Cannot read property 'isAnonymousInlineStyleSheet' of null", source:  (0)
1월 05, 2021 19:54:42.02 [16704:7528:0105/195442.029:ERROR:device_event_log_impl.cc(211)] [19:54:42.029] USB: usb_device_handle_win.cc:1020 Failed to read descriptor from node connection: 시스템에 부착된 장치가 작동하지 않습니다. (0x1F)
1월 05, 2021 19:54:42.03 [16704:7528:0105/195442.030:ERROR:device_event_log_impl.cc(211)] [19:54:42.030] USB: usb_device_handle_win.cc:1020 Failed to read descriptor from node connection: 시스템에 부착된 장치가 작동하지 않습니다. (0x1F)
1월 05, 2021 20:04:36.67 [0105/200436.678:ERROR:directory_reader_win.cc(43)] FindFirstFile: 지정된 경로를 찾을 수 없습니다. (0x3)
1월 05, 2021 20:41:26.26 [11312:15324:0105/204126.259:ERROR:device_event_log_impl.cc(211)] [20:41:26.259] USB: usb_device_handle_win.cc:1020 Failed to read descriptor from node connection: 시스템에 부착된 장치가 작동하지 않습니다. (0x1F)
1월 05, 2021 20:41:26.26 [11312:15324:0105/204126.260:ERROR:device_event_log_impl.cc(211)] [20:41:26.260] USB: usb_device_handle_win.cc:1020 Failed to read descriptor from node connection: 시스템에 부착된 장치가 작동하지 않습니다. (0x1F)
1월 05, 2021 20:51:16.81 [0105/205116.812:ERROR:directory_reader_win.cc(43)] FindFirstFile: 지정된 경로를 찾을 수 없습니다. (0x3)
1월 05, 2021 21:18:17.58 [14196:18900:0105/211817.583:ERROR:device_event_log_impl.cc(211)] [21:18:17.584] USB: usb_device_handle_win.cc:1020 Failed to read descriptor from node connection: 시스템에 부착된 장치가 작동하지 않습니다. (0x1F)
1월 05, 2021 21:18:17.58 [14196:18900:0105/211817.584:ERROR:device_event_log_impl.cc(211)] [21:18:17.585] USB: usb_device_handle_win.cc:1020 Failed to read descriptor from node connection: 시스템에 부착된 장치가 작동하지 않습니다. (0x1F)
1월 05, 2021 21:28:13.17 [0105/212813.175:ERROR:directory_reader_win.cc(43)] FindFirstFile: 지정된 경로를 찾을 수 없습니다. (0x3)
1월 05, 2021 21:31:59.91 [14196:18900:0105/213159.912:ERROR:CONSOLE(0)] "TypeError: Cannot read property 'isAnonymousInlineStyleSheet' of null", source:  (0)
1월 05, 2021 21:32:00.46 [14196:18900:0105/213200.465:ERROR:CONSOLE(0)] "TypeError: Cannot read property 'isAnonymousInlineStyleSheet' of null", source:  (0)
1월 05, 2021 21:32:01.04 [14196:18900:0105/213201.047:ERROR:CONSOLE(0)] "TypeError: Cannot read property 'isAnonymousInlineStyleSheet' of null", source:  (0)
1월 05, 2021 21:32:01.40 [14196:18900:0105/213201.409:ERROR:CONSOLE(0)] "TypeError: Cannot read property 'isAnonymousInlineStyleSheet' of null", source:  (0)
1월 05, 2021 21:32:01.76 [14196:18900:0105/213201.769:ERROR:CONSOLE(0)] "TypeError: Cannot read property 'isAnonymousInlineStyleSheet' of null", source:  (0)
1월 05, 2021 21:38:50.48 [14196:18900:0105/213850.487:ERROR:CONSOLE(0)] "TypeError: Cannot read property 'isAnonymousInlineStyleSheet' of null", source:  (0)
1월 05, 2021 21:41:00.72 [14196:18900:0105/214100.729:ERROR:CONSOLE(0)] "TypeError: Cannot read property 'isAnonymousInlineStyleSheet' of null", source:  (0)
1월 05, 2021 21:41:02.37 [14196:18900:0105/214102.374:ERROR:CONSOLE(0)] "TypeError: Cannot read property 'isAnonymousInlineStyleSheet' of null", source:  (0)
1월 05, 2021 21:41:11.35 [14196:18900:0105/214111.354:ERROR:CONSOLE(0)] "TypeError: Cannot read property 'isAnonymousInlineStyleSheet' of null", source:  (0)
1월 05, 2021 21:45:21.95 [14196:18900:0105/214521.954:ERROR:CONSOLE(0)] "TypeError: Cannot read property 'isAnonymousInlineStyleSheet' of null", source:  (0)
1월 05, 2021 21:55:04.66 [14196:18900:0105/215504.660:ERROR:CONSOLE(0)] "TypeError: Cannot read property 'isAnonymousInlineStyleSheet' of null", source:  (0)

1월 06, 2021 02:27:33.89 NEW SESSION
1월 06, 2021 02:27:33.89 [1592:8676:0106/022733.892:ERROR:device_event_log_impl.cc(211)] [02:27:33.891] USB: usb_device_handle_win.cc:1020 Failed to read descriptor from node connection: 시스템에 부착된 장치가 작동하지 않습니다. (0x1F)
1월 06, 2021 02:27:33.89 [1592:8676:0106/022733.892:ERROR:device_event_log_impl.cc(211)] [02:27:33.892] USB: usb_device_handle_win.cc:1020 Failed to read descriptor from node connection: 시스템에 부착된 장치가 작동하지 않습니다. (0x1F)
1월 06, 2021 02:37:30.71 [0106/023730.709:ERROR:directory_reader_win.cc(43)] FindFirstFile: 지정된 경로를 찾을 수 없습니다. (0x3)
1월 06, 2021 03:16:28.49 [1592:8676:0106/031628.499:ERROR:CONSOLE(0)] "TypeError: Cannot read property 'isAnonymousInlineStyleSheet' of null", source:  (0)
1월 06, 2021 03:16:28.73 [1592:8676:0106/031628.730:ERROR:CONSOLE(0)] "TypeError: Cannot read property 'isAnonymousInlineStyleSheet' of null", source:  (0)
1월 06, 2021 03:16:29.07 [1592:8676:0106/031629.078:ERROR:CONSOLE(0)] "TypeError: Cannot read property 'isAnonymousInlineStyleSheet' of null", source:  (0)

1월 06, 2021 15:45:11.13 NEW SESSION
1월 06, 2021 15:45:11.13 [804:18100:0106/154511.131:ERROR:device_event_log_impl.cc(211)] [15:45:11.131] USB: usb_device_handle_win.cc:1020 Failed to read descriptor from node connection: 시스템에 부착된 장치가 작동하지 않습니다. (0x1F)
1월 06, 2021 15:45:11.13 [804:18100:0106/154511.133:ERROR:device_event_log_impl.cc(211)] [15:45:11.134] USB: usb_device_handle_win.cc:1020 Failed to read descriptor from node connection: 시스템에 부착된 장치가 작동하지 않습니다. (0x1F)
1월 06, 2021 15:45:11.13 [804:18100:0106/154511.134:ERROR:device_event_log_impl.cc(211)] [15:45:11.134] USB: usb_device_handle_win.cc:1020 Failed to read descriptor from node connection: 시스템에 부착된 장치가 작동하지 않습니다. (0x1F)
1월 06, 2021 15:55:09.55 [0106/155509.551:ERROR:directory_reader_win.cc(43)] FindFirstFile: 지정된 경로를 찾을 수 없습니다. (0x3)

1월 07, 2021 15:11:42.99 NEW SESSION
1월 07, 2021 15:11:42.99 [22304:9620:0107/151142.989:ERROR:device_event_log_impl.cc(211)] [15:11:42.989] USB: usb_device_handle_win.cc:1020 Failed to read descriptor from node connection: 시스템에 부착된 장치가 작동하지 않습니다. (0x1F)
1월 07, 2021 15:21:34.20 [0107/152134.203:ERROR:directory_reader_win.cc(43)] FindFirstFile: 지정된 경로를 찾을 수 없습니다. (0x3)
1월 07, 2021 15:34:41.85 [10904:15260:0107/153441.858:ERROR:device_event_log_impl.cc(211)] [15:34:41.858] USB: usb_device_handle_win.cc:1020 Failed to read descriptor from node connection: 시스템에 부착된 장치가 작동하지 않습니다. (0x1F)
1월 07, 2021 15:44:36.29 [0107/154436.297:ERROR:directory_reader_win.cc(43)] FindFirstFile: 지정된 경로를 찾을 수 없습니다. (0x3)
1월 07, 2021 15:49:52.87 [2340:17672:0107/154952.876:ERROR:device_event_log_impl.cc(211)] [15:49:52.876] USB: usb_device_handle_win.cc:1020 Failed to read descriptor from node connection: 시스템에 부착된 장치가 작동하지 않습니다. (0x1F)
1월 07, 2021 15:51:28.13 [15992:9672:0107/155128.139:ERROR:device_event_log_impl.cc(211)] [15:51:28.139] USB: usb_device_handle_win.cc:1020 Failed to read descriptor from node connection: 시스템에 부착된 장치가 작동하지 않습니다. (0x1F)
1월 07, 2021 15:59:54.50 [9984:11632:0107/155954.504:ERROR:device_event_log_impl.cc(211)] [15:59:54.505] USB: usb_device_handle_win.cc:1020 Failed to read descriptor from node connection: 시스템에 부착된 장치가 작동하지 않습니다. (0x1F)
1월 07, 2021 16:09:50.02 [0107/160950.022:ERROR:directory_reader_win.cc(43)] FindFirstFile: 지정된 경로를 찾을 수 없습니다. (0x3)
1월 07, 2021 16:20:17.85 [3276:12972:0107/162017.854:ERROR:device_event_log_impl.cc(211)] [16:20:17.854] USB: usb_device_handle_win.cc:1020 Failed to read descriptor from node connection: 시스템에 부착된 장치가 작동하지 않습니다. (0x1F)
1월 07, 2021 16:30:09.36 [0107/163009.364:ERROR:directory_reader_win.cc(43)] FindFirstFile: 지정된 경로를 찾을 수 없습니다. (0x3)
1월 07, 2021 16:30:49.30 [1424:4300:0107/163049.304:ERROR:device_event_log_impl.cc(211)] [16:30:49.304] USB: usb_device_handle_win.cc:1020 Failed to read descriptor from node connection: 시스템에 부착된 장치가 작동하지 않습니다. (0x1F)
1월 07, 2021 16:32:31.41 [21900:1944:0107/163231.419:ERROR:device_event_log_impl.cc(211)] [16:32:31.419] USB: usb_device_handle_win.cc:1020 Failed to read descriptor from node connection: 시스템에 부착된 장치가 작동하지 않습니다. (0x1F)
1월 07, 2021 16:37:54.98 [12708:17492:0107/163754.984:ERROR:device_event_log_impl.cc(211)] [16:37:54.984] USB: usb_device_handle_win.cc:1020 Failed to read descriptor from node connection: 시스템에 부착된 장치가 작동하지 않습니다. (0x1F)
1월 07, 2021 16:47:51.60 [0107/164751.603:ERROR:directory_reader_win.cc(43)] FindFirstFile: 지정된 경로를 찾을 수 없습니다. (0x3)
1월 07, 2021 17:22:55.67 [13428:11860:0107/172255.674:ERROR:device_event_log_impl.cc(211)] [17:22:55.674] USB: usb_device_handle_win.cc:1020 Failed to read descriptor from node connection: 시스템에 부착된 장치가 작동하지 않습니다. (0x1F)
1월 07, 2021 17:32:49.28 [0107/173249.282:ERROR:directory_reader_win.cc(43)] FindFirstFile: 지정된 경로를 찾을 수 없습니다. (0x3)

1월 08, 2021 14:32:22.66 NEW SESSION
1월 08, 2021 14:32:22.66 [13696:16800:0108/143222.661:ERROR:device_event_log_impl.cc(211)] [14:32:22.661] USB: usb_device_handle_win.cc:1020 Failed to read descriptor from node connection: 시스템에 부착된 장치가 작동하지 않습니다. (0x1F)
1월 08, 2021 14:34:35.62 [13696:16800:0108/143435.628:ERROR:device_event_log_impl.cc(211)] [14:34:35.627] USB: usb_service_win.cc:258 Failed to get device driver name: 요소가 없습니다. (0x490)
1월 08, 2021 14:42:11.87 [0108/144211.865:ERROR:directory_reader_win.cc(43)] FindFirstFile: 지정된 경로를 찾을 수 없습니다. (0x3)
1월 08, 2021 19:49:26.82 [13696:9784:0108/194926.828:ERROR:mcs_client.cc(755)] Received close command, resetting connection.

1월 08, 2021 22:06:39.89 NEW SESSION
1월 08, 2021 22:06:39.89 [18948:1092:0108/220639.893:ERROR:device_event_log_impl.cc(211)] [22:06:39.894] USB: usb_device_handle_win.cc:1020 Failed to read descriptor from node connection: 시스템에 부착된 장치가 작동하지 않습니다. (0x1F)
1월 08, 2021 22:16:31.46 [0108/221631.467:ERROR:directory_reader_win.cc(43)] FindFirstFile: 지정된 경로를 찾을 수 없습니다. (0x3)

1월 09, 2021 18:07:40.05 NEW SESSION
1월 09, 2021 18:07:40.05 [19656:2040:0109/180740.053:ERROR:device_event_log_impl.cc(211)] [18:07:40.052] USB: usb_device_handle_win.cc:1020 Failed to read descriptor from node connection: 시스템에 부착된 장치가 작동하지 않습니다. (0x1F)
1월 09, 2021 18:17:31.24 [0109/181731.240:ERROR:directory_reader_win.cc(43)] FindFirstFile: 지정된 경로를 찾을 수 없습니다. (0x3)

1월 10, 2021 15:46:40.48 NEW SESSION
1월 10, 2021 15:46:40.48 [15312:20704:0110/154640.485:ERROR:device_event_log_impl.cc(211)] [15:46:40.486] USB: usb_device_handle_win.cc:1020 Failed to read descriptor from node connection: 시스템에 부착된 장치가 작동하지 않습니다. (0x1F)
1월 10, 2021 15:48:07.04 [17500:17720:0110/154807.043:ERROR:device_event_log_impl.cc(211)] [15:48:07.043] USB: usb_device_handle_win.cc:1020 Failed to read descriptor from node connection: 시스템에 부착된 장치가 작동하지 않습니다. (0x1F)
1월 10, 2021 15:57:59.66 [0110/155759.667:ERROR:directory_reader_win.cc(43)] FindFirstFile: 지정된 경로를 찾을 수 없습니다. (0x3)
1월 10, 2021 15:58:31.68 [17500:17720:0110/155831.686:ERROR:CONSOLE(0)] "TypeError: Cannot read property 'isAnonymousInlineStyleSheet' of null", source:  (0)
1월 10, 2021 16:07:40.51 [17500:17720:0110/160740.515:ERROR:CONSOLE(0)] "TypeError: Cannot read property 'isAnonymousInlineStyleSheet' of null", source:  (0)
1월 10, 2021 16:10:56.62 [13740:14384:0110/161056.625:ERROR:device_event_log_impl.cc(211)] [16:10:56.624] USB: usb_device_handle_win.cc:1020 Failed to read descriptor from node connection: 시스템에 부착된 장치가 작동하지 않습니다. (0x1F)
1월 10, 2021 16:20:53.22 [0110/162053.226:ERROR:directory_reader_win.cc(43)] FindFirstFile: 지정된 경로를 찾을 수 없습니다. (0x3)
1월 10, 2021 16:46:55.65 [13740:14384:0110/164655.656:ERROR:CONSOLE(0)] "TypeError: Cannot read property 'isAnonymousInlineStyleSheet' of null", source:  (0)
1월 10, 2021 16:46:56.01 [13740:14384:0110/164656.017:ERROR:CONSOLE(0)] "TypeError: Cannot read property 'isAnonymousInlineStyleSheet' of null", source:  (0)
1월 10, 2021 16:46:56.91 [13740:14384:0110/164656.910:ERROR:CONSOLE(0)] "TypeError: Cannot read property 'isAnonymousInlineStyleSheet' of null", source:  (0)
1월 10, 2021 16:46:57.08 [13740:14384:0110/164657.086:ERROR:CONSOLE(0)] "TypeError: Cannot read property 'isAnonymousInlineStyleSheet' of null", source:  (0)
1월 10, 2021 16:46:57.99 [13740:14384:0110/164657.989:ERROR:CONSOLE(0)] "TypeError: Cannot read property 'isAnonymousInlineStyleSheet' of null", source:  (0)
1월 10, 2021 16:46:58.16 [13740:14384:0110/164658.164:ERROR:CONSOLE(0)] "TypeError: Cannot read property 'isAnonymousInlineStyleSheet' of null", source:  (0)
1월 10, 2021 16:46:59.29 [13740:14384:0110/164659.298:ERROR:CONSOLE(0)] "TypeError: Cannot read property 'isAnonymousInlineStyleSheet' of null", source:  (0)
1월 10, 2021 16:47:55.36 [13740:14384:0110/164755.361:ERROR:CONSOLE(0)] "TypeError: Cannot read property 'isAnonymousInlineStyleSheet' of null", source:  (0)
1월 10, 2021 16:49:05.84 [13740:14384:0110/164905.840:ERROR:CONSOLE(0)] "TypeError: Cannot read property 'isAnonymousInlineStyleSheet' of null", source:  (0)
1월 10, 2021 16:49:23.47 [13740:14384:0110/164923.474:ERROR:CONSOLE(0)] "TypeError: Cannot read property 'isAnonymousInlineStyleSheet' of null", source:  (0)
1월 10, 2021 16:49:24.22 [13740:14384:0110/164924.221:ERROR:CONSOLE(0)] "TypeError: Cannot read property 'isAnonymousInlineStyleSheet' of null", source:  (0)
1월 10, 2021 16:50:50.98 [13740:14384:0110/165050.980:ERROR:CONSOLE(0)] "TypeError: Cannot read property 'isAnonymousInlineStyleSheet' of null", source:  (0)
1월 10, 2021 16:50:54.14 [13740:14384:0110/165054.144:ERROR:CONSOLE(0)] "TypeError: Cannot read property 'isAnonymousInlineStyleSheet' of null", source:  (0)
1월 10, 2021 16:57:49.86 [13740:14384:0110/165749.869:ERROR:CONSOLE(0)] "TypeError: Cannot read property 'isAnonymousInlineStyleSheet' of null", source:  (0)
1월 10, 2021 16:58:56.22 [13740:14384:0110/165856.221:ERROR:CONSOLE(0)] "TypeError: Cannot read property 'isAnonymousInlineStyleSheet' of null", source:  (0)
1월 10, 2021 17:01:35.37 [13740:14384:0110/170135.373:ERROR:CONSOLE(0)] "TypeError: Cannot read property 'isAnonymousInlineStyleSheet' of null", source:  (0)
1월 10, 2021 17:01:41.75 [13740:14384:0110/170141.750:ERROR:CONSOLE(0)] "TypeError: Cannot read property 'isAnonymousInlineStyleSheet' of null", source:  (0)
1월 10, 2021 17:04:18.64 [13740:14384:0110/170418.644:ERROR:CONSOLE(0)] "TypeError: Cannot read property 'isAnonymousInlineStyleSheet' of null", source:  (0)
1월 10, 2021 17:04:21.21 [13740:14384:0110/170421.213:ERROR:CONSOLE(0)] "TypeError: Cannot read property 'isAnonymousInlineStyleSheet' of null", source:  (0)
1월 10, 2021 17:18:45.04 [13740:14384:0110/171845.045:ERROR:CONSOLE(0)] "TypeError: Cannot read property 'isAnonymousInlineStyleSheet' of null", source:  (0)
1월 10, 2021 17:29:44.25 [13740:14384:0110/172944.249:ERROR:CONSOLE(0)] "TypeError: Cannot read property 'isAnonymousInlineStyleSheet' of null", source:  (0)
1월 10, 2021 17:32:39.41 [13740:14384:0110/173239.410:ERROR:CONSOLE(0)] "TypeError: Cannot read property 'isAnonymousInlineStyleSheet' of null", source:  (0)
1월 10, 2021 17:33:08.58 [13740:14384:0110/173308.586:ERROR:CONSOLE(0)] "TypeError: Cannot read property 'isAnonymousInlineStyleSheet' of null", source:  (0)
1월 10, 2021 17:33:51.07 [13740:14384:0110/173351.076:ERROR:CONSOLE(0)] "TypeError: Cannot read property 'isAnonymousInlineStyleSheet' of null", source:  (0)
1월 10, 2021 17:33:51.48 [13740:14384:0110/173351.486:ERROR:CONSOLE(0)] "TypeError: Cannot read property 'isAnonymousInlineStyleSheet' of null", source:  (0)
1월 10, 2021 17:36:49.60 [13740:14384:0110/173649.603:ERROR:CONSOLE(0)] "TypeError: Cannot read property 'isAnonymousInlineStyleSheet' of null", source:  (0)
1월 10, 2021 17:37:13.23 [13740:14384:0110/173713.235:ERROR:CONSOLE(0)] "TypeError: Cannot read property 'isAnonymousInlineStyleSheet' of null", source:  (0)
1월 10, 2021 17:37:16.27 [13740:14384:0110/173716.278:ERROR:CONSOLE(0)] "TypeError: Cannot read property 'isAnonymousInlineStyleSheet' of null", source:  (0)
1월 10, 2021 17:37:37.86 [13740:14384:0110/173737.864:ERROR:CONSOLE(0)] "TypeError: Cannot read property 'isAnonymousInlineStyleSheet' of null", source:  (0)
1월 10, 2021 17:37:38.03 [13740:14384:0110/173738.037:ERROR:CONSOLE(0)] "TypeError: Cannot read property 'isAnonymousInlineStyleSheet' of null", source:  (0)
1월 10, 2021 17:37:38.57 [13740:14384:0110/173738.572:ERROR:CONSOLE(0)] "TypeError: Cannot read property 'isAnonymousInlineStyleSheet' of null", source:  (0)
1월 10, 2021 17:37:38.77 [13740:14384:0110/173738.778:ERROR:CONSOLE(0)] "TypeError: Cannot read property 'isAnonymousInlineStyleSheet' of null", source:  (0)
1월 10, 2021 17:37:38.97 [13740:14384:0110/173738.976:ERROR:CONSOLE(0)] "TypeError: Cannot read property 'isAnonymousInlineStyleSheet' of null", source:  (0)
1월 10, 2021 17:37:39.19 [13740:14384:0110/173739.193:ERROR:CONSOLE(0)] "TypeError: Cannot read property 'isAnonymousInlineStyleSheet' of null", source:  (0)
1월 10, 2021 17:38:25.99 [15276:21520:0110/173825.990:ERROR:device_event_log_impl.cc(211)] [17:38:25.990] USB: usb_device_handle_win.cc:1020 Failed to read descriptor from node connection: 시스템에 부착된 장치가 작동하지 않습니다. (0x1F)
1월 10, 2021 17:48:22.52 [0110/174822.525:ERROR:directory_reader_win.cc(43)] FindFirstFile: 지정된 경로를 찾을 수 없습니다. (0x3)
1월 10, 2021 18:17:06.32 [15276:21520:0110/181706.329:ERROR:CONSOLE(0)] "TypeError: Cannot read property 'isAnonymousInlineStyleSheet' of null", source:  (0)
1월 10, 2021 19:12:46.12 [13216:14048:0110/191246.122:ERROR:device_event_log_impl.cc(211)] [19:12:46.122] USB: usb_device_handle_win.cc:1020 Failed to read descriptor from node connection: 시스템에 부착된 장치가 작동하지 않습니다. (0x1F)
1월 10, 2021 19:22:44.63 [0110/192244.633:ERROR:directory_reader_win.cc(43)] FindFirstFile: 지정된 경로를 찾을 수 없습니다. (0x3)
1월 10, 2021 19:52:23.08 [20856:2992:0110/195223.085:ERROR:device_event_log_impl.cc(211)] [19:52:23.085] USB: usb_device_handle_win.cc:1020 Failed to read descriptor from node connection: 시스템에 부착된 장치가 작동하지 않습니다. (0x1F)
1월 10, 2021 20:02:21.60 [0110/200221.601:ERROR:directory_reader_win.cc(43)] FindFirstFile: 지정된 경로를 찾을 수 없습니다. (0x3)

1월 11, 2021 20:12:29.58 NEW SESSION
1월 11, 2021 20:12:29.58 [17516:14608:0111/201229.588:ERROR:device_event_log_impl.cc(211)] [20:12:29.588] USB: usb_device_handle_win.cc:1020 Failed to read descriptor from node connection: 시스템에 부착된 장치가 작동하지 않습니다. (0x1F)
1월 11, 2021 20:22:18.78 [0111/202218.788:ERROR:directory_reader_win.cc(43)] FindFirstFile: 지정된 경로를 찾을 수 없습니다. (0x3)
1월 11, 2021 20:46:48.68 [17516:14608:0111/204648.680:ERROR:CONSOLE(0)] "TypeError: Cannot read property 'isAnonymousInlineStyleSheet' of null", source:  (0)
1월 11, 2021 20:48:50.59 [17516:14608:0111/204850.589:ERROR:CONSOLE(0)] "TypeError: Cannot read property 'isAnonymousInlineStyleSheet' of null", source:  (0)
1월 11, 2021 20:49:35.18 [17516:14608:0111/204935.183:ERROR:CONSOLE(0)] "TypeError: Cannot read property 'isAnonymousInlineStyleSheet' of null", source:  (0)
1월 11, 2021 20:49:35.73 [17516:14608:0111/204935.731:ERROR:CONSOLE(0)] "TypeError: Cannot read property 'isAnonymousInlineStyleSheet' of null", source:  (0)
1월 11, 2021 20:53:09.29 [17516:14608:0111/205309.296:ERROR:CONSOLE(0)] "TypeError: Cannot read property 'isAnonymousInlineStyleSheet' of null", source:  (0)
1월 11, 2021 20:53:09.66 [17516:14608:0111/205309.661:ERROR:CONSOLE(0)] "TypeError: Cannot read property 'isAnonymousInlineStyleSheet' of null", source:  (0)
1월 11, 2021 20:53:12.24 [17516:14608:0111/205312.240:ERROR:CONSOLE(0)] "TypeError: Cannot read property 'isAnonymousInlineStyleSheet' of null", source:  (0)
1월 11, 2021 20:53:17.84 [17516:14608:0111/205317.842:ERROR:CONSOLE(0)] "TypeError: Cannot read property 'isAnonymousInlineStyleSheet' of null", source:  (0)
1월 11, 2021 20:53:18.05 [17516:14608:0111/205318.057:ERROR:CONSOLE(0)] "TypeError: Cannot read property 'isAnonymousInlineStyleSheet' of null", source:  (0)
1월 11, 2021 21:00:42.88 [22160:10272:0111/210042.889:ERROR:device_event_log_impl.cc(211)] [21:00:42.888] USB: usb_device_handle_win.cc:1020 Failed to read descriptor from node connection: 시스템에 부착된 장치가 작동하지 않습니다. (0x1F)
1월 11, 2021 21:03:07.78 [15492:25436:0111/210307.780:ERROR:device_event_log_impl.cc(211)] [21:03:07.780] USB: usb_device_handle_win.cc:1020 Failed to read descriptor from node connection: 시스템에 부착된 장치가 작동하지 않습니다. (0x1F)

1월 12, 2021 19:18:50.05 NEW SESSION
1월 12, 2021 19:18:50.05 [6004:4764:0112/191850.048:ERROR:device_event_log_impl.cc(211)] [19:18:50.048] USB: usb_device_handle_win.cc:1020 Failed to read descriptor from node connection: 시스템에 부착된 장치가 작동하지 않습니다. (0x1F)
1월 12, 2021 19:28:48.22 [0112/192848.220:ERROR:directory_reader_win.cc(43)] FindFirstFile: 지정된 경로를 찾을 수 없습니다. (0x3)
1월 12, 2021 21:18:16.92 [6004:4764:0112/211816.928:ERROR:CONSOLE(0)] "TypeError: Cannot read property 'isAnonymousInlineStyleSheet' of null", source:  (0)
1월 12, 2021 21:18:25.73 [6004:4764:0112/211825.732:ERROR:CONSOLE(0)] "TypeError: Cannot read property 'isAnonymousInlineStyleSheet' of null", source:  (0)
1월 12, 2021 21:22:01.52 [6004:4764:0112/212201.523:ERROR:CONSOLE(0)] "TypeError: Cannot read property 'isAnonymousInlineStyleSheet' of null", source:  (0)
1월 12, 2021 21:24:40.69 [6004:4764:0112/212440.693:ERROR:CONSOLE(0)] "TypeError: Cannot read property 'isAnonymousInlineStyleSheet' of null", source:  (0)
1월 12, 2021 21:44:15.57 [6004:4764:0112/214415.571:ERROR:CONSOLE(0)] "TypeError: Cannot read property 'isAnonymousInlineStyleSheet' of null", source:  (0)
1월 12, 2021 21:44:50.92 [6004:4764:0112/214450.925:ERROR:CONSOLE(0)] "TypeError: Cannot read property 'isAnonymousInlineStyleSheet' of null", source:  (0)
1월 12, 2021 21:44:51.11 [6004:4764:0112/214451.110:ERROR:CONSOLE(0)] "TypeError: Cannot read property 'isAnonymousInlineStyleSheet' of null", source:  (0)
1월 12, 2021 22:22:18.31 [6004:4764:0112/222218.312:ERROR:CONSOLE(0)] "TypeError: Cannot read property 'isAnonymousInlineStyleSheet' of null", source:  (0)
1월 12, 2021 22:41:43.07 [6004:4764:0112/224143.072:ERROR:CONSOLE(0)] "TypeError: Cannot read property 'isAnonymousInlineStyleSheet' of null", source:  (0)
1월 12, 2021 22:41:43.55 [6004:4764:0112/224143.552:ERROR:CONSOLE(0)] "TypeError: Cannot read property 'isAnonymousInlineStyleSheet' of null", source:  (0)
1월 12, 2021 22:47:07.14 [6004:4764:0112/224707.149:ERROR:CONSOLE(0)] "TypeError: Cannot read property 'isAnonymousInlineStyleSheet' of null", source:  (0)
1월 12, 2021 22:50:20.84 [6004:4764:0112/225020.846:ERROR:CONSOLE(0)] "TypeError: Cannot read property 'isAnonymousInlineStyleSheet' of null", source:  (0)
1월 12, 2021 22:52:32.88 [6004:4764:0112/225232.884:ERROR:CONSOLE(0)] "TypeError: Cannot read property 'isAnonymousInlineStyleSheet' of null", source:  (0)

1월 13, 2021 17:04:40.59 NEW SESSION
1월 13, 2021 17:04:40.59 [10632:14488:0113/170440.590:ERROR:device_event_log_impl.cc(211)] [17:04:40.590] USB: usb_device_handle_win.cc:1020 Failed to read descriptor from node connection: 시스템에 부착된 장치가 작동하지 않습니다. (0x1F)
1월 13, 2021 17:14:31.73 [0113/171431.731:ERROR:directory_reader_win.cc(43)] FindFirstFile: 지정된 경로를 찾을 수 없습니다. (0x3)
1월 13, 2021 19:40:56.97 [18824:18008:0113/194056.977:ERROR:device_event_log_impl.cc(211)] [19:40:56.978] USB: usb_device_handle_win.cc:1020 Failed to read descriptor from node connection: 시스템에 부착된 장치가 작동하지 않습니다. (0x1F)
1월 13, 2021 19:50:50.31 [0113/195050.310:ERROR:directory_reader_win.cc(43)] FindFirstFile: 지정된 경로를 찾을 수 없습니다. (0x3)
1월 13, 2021 22:09:11.15 [18824:18008:0113/220911.158:ERROR:CONSOLE(0)] "TypeError: Cannot read property 'isAnonymousInlineStyleSheet' of null", source:  (0)
1월 13, 2021 22:09:48.03 [18824:18008:0113/220948.037:ERROR:CONSOLE(0)] "TypeError: Cannot read property 'isAnonymousInlineStyleSheet' of null", source:  (0)
1월 13, 2021 22:09:48.98 [18824:18008:0113/220948.981:ERROR:CONSOLE(0)] "TypeError: Cannot read property 'isAnonymousInlineStyleSheet' of null", source:  (0)
1월 13, 2021 22:09:51.80 [18824:18008:0113/220951.808:ERROR:CONSOLE(0)] "TypeError: Cannot read property 'isAnonymousInlineStyleSheet' of null", source:  (0)
1월 13, 2021 22:14:08.28 [18824:18008:0113/221408.281:ERROR:CONSOLE(0)] "TypeError: Cannot read property 'isAnonymousInlineStyleSheet' of null", source:  (0)
1월 13, 2021 22:14:08.89 [18824:18008:0113/221408.892:ERROR:CONSOLE(0)] "TypeError: Cannot read property 'isAnonymousInlineStyleSheet' of null", source:  (0)
1월 13, 2021 22:14:09.78 [18824:18008:0113/221409.781:ERROR:CONSOLE(0)] "TypeError: Cannot read property 'isAnonymousInlineStyleSheet' of null", source:  (0)
1월 13, 2021 22:14:10.59 [18824:18008:0113/221410.592:ERROR:CONSOLE(0)] "TypeError: Cannot read property 'isAnonymousInlineStyleSheet' of null", source:  (0)
1월 13, 2021 22:14:20.73 [18824:18008:0113/221420.733:ERROR:CONSOLE(0)] "TypeError: Cannot read property 'isAnonymousInlineStyleSheet' of null", source:  (0)
1월 13, 2021 22:14:24.84 [18824:18008:0113/221424.842:ERROR:CONSOLE(0)] "TypeError: Cannot read property 'isAnonymousInlineStyleSheet' of null", source:  (0)
1월 13, 2021 22:14:50.61 [18824:18008:0113/221450.617:ERROR:CONSOLE(0)] "TypeError: Cannot read property 'isAnonymousInlineStyleSheet' of null", source:  (0)
1월 13, 2021 22:14:51.38 [18824:18008:0113/221451.385:ERROR:CONSOLE(0)] "TypeError: Cannot read property 'isAnonymousInlineStyleSheet' of null", source:  (0)
1월 13, 2021 22:14:53.85 [18824:18008:0113/221453.852:ERROR:CONSOLE(0)] "TypeError: Cannot read property 'isAnonymousInlineStyleSheet' of null", source:  (0)
1월 13, 2021 22:14:55.24 [18824:18008:0113/221455.241:ERROR:CONSOLE(0)] "TypeError: Cannot read property 'isAnonymousInlineStyleSheet' of null", source:  (0)
1월 13, 2021 22:14:58.70 [18824:18008:0113/221458.699:ERROR:CONSOLE(0)] "TypeError: Cannot read property 'isAnonymousInlineStyleSheet' of null", source:  (0)
1월 13, 2021 22:15:01.64 [18824:18008:0113/221501.646:ERROR:CONSOLE(0)] "TypeError: Cannot read property 'isAnonymousInlineStyleSheet' of null", source:  (0)
1월 13, 2021 22:15:03.33 [18824:18008:0113/221503.338:ERROR:CONSOLE(0)] "TypeError: Cannot read property 'isAnonymousInlineStyleSheet' of null", source:  (0)
1월 13, 2021 22:15:06.58 [18824:18008:0113/221506.579:ERROR:CONSOLE(0)] "TypeError: Cannot read property 'isAnonymousInlineStyleSheet' of null", source:  (0)
1월 13, 2021 22:16:24.84 [18824:18008:0113/221624.849:ERROR:CONSOLE(0)] "TypeError: Cannot read property 'isAnonymousInlineStyleSheet' of null", source:  (0)
1월 13, 2021 22:16:26.39 [18824:18008:0113/221626.393:ERROR:CONSOLE(0)] "TypeError: Cannot read property 'isAnonymousInlineStyleSheet' of null", source:  (0)
1월 13, 2021 22:16:27.74 [18824:18008:0113/221627.739:ERROR:CONSOLE(0)] "TypeError: Cannot read property 'isAnonymousInlineStyleSheet' of null", source:  (0)
1월 13, 2021 22:16:30.67 [18824:18008:0113/221630.671:ERROR:CONSOLE(0)] "TypeError: Cannot read property 'isAnonymousInlineStyleSheet' of null", source:  (0)
1월 13, 2021 23:01:22.47 [18824:18008:0113/230122.475:ERROR:CONSOLE(0)] "TypeError: Cannot read property 'isAnonymousInlineStyleSheet' of null", source:  (0)
1월 13, 2021 23:04:20.33 [18824:18008:0113/230420.332:ERROR:CONSOLE(0)] "TypeError: Cannot read property 'isAnonymousInlineStyleSheet' of null", source:  (0)
1월 13, 2021 23:04:20.90 [18824:18008:0113/230420.901:ERROR:CONSOLE(0)] "TypeError: Cannot read property 'isAnonymousInlineStyleSheet' of null", source:  (0)
1월 13, 2021 23:04:24.85 [18824:18008:0113/230424.854:ERROR:CONSOLE(0)] "TypeError: Cannot read property 'isAnonymousInlineStyleSheet' of null", source:  (0)
1월 13, 2021 23:10:12.46 [18824:18008:0113/231012.464:ERROR:CONSOLE(0)] "TypeError: Cannot read property 'isAnonymousInlineStyleSheet' of null", source:  (0)
1월 13, 2021 23:10:13.19 [18824:18008:0113/231013.195:ERROR:CONSOLE(0)] "TypeError: Cannot read property 'isAnonymousInlineStyleSheet' of null", source:  (0)
1월 13, 2021 23:10:16.68 [18824:18008:0113/231016.688:ERROR:CONSOLE(0)] "TypeError: Cannot read property 'isAnonymousInlineStyleSheet' of null", source:  (0)
1월 13, 2021 23:11:58.58 [18824:18008:0113/231158.582:ERROR:CONSOLE(0)] "TypeError: Cannot read property 'isAnonymousInlineStyleSheet' of null", source:  (0)

1월 14, 2021 16:59:53.17 NEW SESSION
1월 14, 2021 16:59:53.17 [17488:10648:0114/165953.170:ERROR:device_event_log_impl.cc(211)] [16:59:53.169] USB: usb_device_handle_win.cc:1020 Failed to read descriptor from node connection: 시스템에 부착된 장치가 작동하지 않습니다. (0x1F)
1월 14, 2021 17:09:21.63 [17488:12480:0114/170921.633:ERROR:mcs_client.cc(755)] Received close command, resetting connection.
1월 14, 2021 17:09:50.40 [0114/170950.405:ERROR:directory_reader_win.cc(43)] FindFirstFile: 지정된 경로를 찾을 수 없습니다. (0x3)
1월 14, 2021 18:06:48.73 [20300:18804:0114/180648.734:ERROR:device_event_log_impl.cc(211)] [18:06:48.734] USB: usb_device_handle_win.cc:1020 Failed to read descriptor from node connection: 시스템에 부착된 장치가 작동하지 않습니다. (0x1F)
1월 14, 2021 18:07:45.44 [5908:19716:0114/180745.446:ERROR:device_event_log_impl.cc(211)] [18:07:45.447] USB: usb_device_handle_win.cc:1020 Failed to read descriptor from node connection: 시스템에 부착된 장치가 작동하지 않습니다. (0x1F)
1월 14, 2021 18:09:11.66 [4900:5724:0114/180911.666:ERROR:device_event_log_impl.cc(211)] [18:09:11.666] USB: usb_device_handle_win.cc:1020 Failed to read descriptor from node connection: 시스템에 부착된 장치가 작동하지 않습니다. (0x1F)
1월 14, 2021 18:19:01.22 [0114/181901.226:ERROR:directory_reader_win.cc(43)] FindFirstFile: 지정된 경로를 찾을 수 없습니다. (0x3)
1월 14, 2021 18:19:12.65 [4900:5724:0114/181912.655:ERROR:CONSOLE(0)] "TypeError: Cannot read property 'isAnonymousInlineStyleSheet' of null", source:  (0)
1월 14, 2021 18:46:02.26 [4900:8516:0114/184602.268:ERROR:mcs_client.cc(755)] Received close command, resetting connection.
1월 14, 2021 20:44:19.55 [4900:5724:0114/204419.556:ERROR:device_event_log_impl.cc(211)] [20:44:19.557] USB: usb_service_win.cc:258 Failed to get device driver name: 요소가 없습니다. (0x490)
1월 14, 2021 21:04:06.04 [4900:5724:0114/210406.048:ERROR:page_load_metrics_update_dispatcher.cc(169)] Invalid first_paint 0.311 s for first_image_paint 0.308 s
1월 14, 2021 21:04:17.02 [4900:5724:0114/210417.027:ERROR:page_load_metrics_update_dispatcher.cc(169)] Invalid first_paint 0.311 s for first_image_paint 0.308 s
1월 14, 2021 21:21:30.61 [4900:5724:0114/212130.616:ERROR:CONSOLE(0)] "TypeError: Cannot read property 'isAnonymousInlineStyleSheet' of null", source:  (0)
1월 14, 2021 21:52:57.19 [1740:21428:0114/215257.189:ERROR:device_event_log_impl.cc(211)] [21:52:57.189] USB: usb_device_handle_win.cc:1020 Failed to read descriptor from node connection: 시스템에 부착된 장치가 작동하지 않습니다. (0x1F)
1월 14, 2021 21:53:11.39 [1708:17640:0114/215311.394:ERROR:device_event_log_impl.cc(211)] [21:53:11.394] USB: usb_device_handle_win.cc:1020 Failed to read descriptor from node connection: 시스템에 부착된 장치가 작동하지 않습니다. (0x1F)
1월 14, 2021 22:03:07.98 [0114/220307.985:ERROR:directory_reader_win.cc(43)] FindFirstFile: 지정된 경로를 찾을 수 없습니다. (0x3)
1월 14, 2021 22:08:50.66 [11404:6708:0114/220850.663:ERROR:device_event_log_impl.cc(211)] [22:08:50.663] USB: usb_device_handle_win.cc:1020 Failed to read descriptor from node connection: 시스템에 부착된 장치가 작동하지 않습니다. (0x1F)
1월 14, 2021 22:17:25.16 [11404:6708:0114/221725.165:ERROR:CONSOLE(0)] "TypeError: Cannot read property 'isAnonymousInlineStyleSheet' of null", source:  (0)
1월 14, 2021 22:17:26.51 [11404:6708:0114/221726.511:ERROR:CONSOLE(0)] "TypeError: Cannot read property 'isAnonymousInlineStyleSheet' of null", source:  (0)
1월 14, 2021 22:17:26.95 [11404:6708:0114/221726.956:ERROR:CONSOLE(0)] "TypeError: Cannot read property 'isAnonymousInlineStyleSheet' of null", source:  (0)
1월 14, 2021 22:18:42.21 [0114/221842.216:ERROR:directory_reader_win.cc(43)] FindFirstFile: 지정된 경로를 찾을 수 없습니다. (0x3)

1월 15, 2021 16:59:04.32 NEW SESSION
1월 15, 2021 16:59:04.32 [14044:11640:0115/165904.325:ERROR:device_event_log_impl.cc(211)] [16:59:04.325] USB: usb_device_handle_win.cc:1020 Failed to read descriptor from node connection: 시스템에 부착된 장치가 작동하지 않습니다. (0x1F)
1월 15, 2021 17:02:44.04 [14044:11640:0115/170244.042:ERROR:device_event_log_impl.cc(211)] [17:02:44.041] USB: usb_service_win.cc:258 Failed to get device driver name: 요소가 없습니다. (0x490)
1월 15, 2021 17:08:58.72 [0115/170858.727:ERROR:directory_reader_win.cc(43)] FindFirstFile: 지정된 경로를 찾을 수 없습니다. (0x3)
1월 15, 2021 17:41:23.33 [2096:20496:0115/174123.334:ERROR:device_event_log_impl.cc(211)] [17:41:23.335] USB: usb_device_handle_win.cc:1020 Failed to read descriptor from node connection: 시스템에 부착된 장치가 작동하지 않습니다. (0x1F)
1월 15, 2021 17:44:17.33 [2096:20496:0115/174417.337:ERROR:device_event_log_impl.cc(211)] [17:44:17.336] USB: usb_service_win.cc:258 Failed to get device driver name: 요소가 없습니다. (0x490)
1월 15, 2021 17:51:14.90 [0115/175114.900:ERROR:directory_reader_win.cc(43)] FindFirstFile: 지정된 경로를 찾을 수 없습니다. (0x3)
1월 15, 2021 18:23:02.19 [20408:13600:0115/182302.193:ERROR:device_event_log_impl.cc(211)] [18:23:02.193] USB: usb_device_handle_win.cc:1020 Failed to read descriptor from node connection: 시스템에 부착된 장치가 작동하지 않습니다. (0x1F)
1월 15, 2021 18:32:55.74 [0115/183255.739:ERROR:directory_reader_win.cc(43)] FindFirstFile: 지정된 경로를 찾을 수 없습니다. (0x3)

1월 16, 2021 16:11:10.79 NEW SESSION
1월 16, 2021 16:11:10.79 [10320:13660:0116/161110.791:ERROR:device_event_log_impl.cc(211)] [16:11:10.791] USB: usb_device_handle_win.cc:1020 Failed to read descriptor from node connection: 시스템에 부착된 장치가 작동하지 않습니다. (0x1F)
1월 16, 2021 16:21:01.95 [0116/162101.955:ERROR:directory_reader_win.cc(43)] FindFirstFile: 지정된 경로를 찾을 수 없습니다. (0x3)
1월 16, 2021 17:03:58.03 [11920:10416:0116/170358.030:ERROR:device_event_log_impl.cc(211)] [17:03:58.030] USB: usb_device_handle_win.cc:1020 Failed to read descriptor from node connection: 시스템에 부착된 장치가 작동하지 않습니다. (0x1F)
1월 16, 2021 17:13:46.52 [0116/171346.526:ERROR:directory_reader_win.cc(43)] FindFirstFile: 지정된 경로를 찾을 수 없습니다. (0x3)

1월 18, 2021 02:10:35.89 NEW SESSION
1월 18, 2021 02:10:35.89 [4840:3764:0118/021035.897:ERROR:device_event_log_impl.cc(211)] [02:10:35.897] USB: usb_device_handle_win.cc:1020 Failed to read descriptor from node connection: 시스템에 부착된 장치가 작동하지 않습니다. (0x1F)
1월 18, 2021 02:20:32.95 [0118/022032.953:ERROR:directory_reader_win.cc(43)] FindFirstFile: 지정된 경로를 찾을 수 없습니다. (0x3)

1월 18, 2021 16:33:08.93 NEW SESSION
1월 18, 2021 16:33:08.93 [14460:15412:0118/163308.937:ERROR:device_event_log_impl.cc(211)] [16:33:08.938] USB: usb_device_handle_win.cc:1020 Failed to read descriptor from node connection: 시스템에 부착된 장치가 작동하지 않습니다. (0x1F)
1월 18, 2021 16:43:07.15 [0118/164307.150:ERROR:directory_reader_win.cc(43)] FindFirstFile: 지정된 경로를 찾을 수 없습니다. (0x3)
1월 18, 2021 16:48:50.32 [7036:10996:0118/164850.320:ERROR:device_event_log_impl.cc(211)] [16:48:50.320] USB: usb_device_handle_win.cc:1020 Failed to read descriptor from node connection: 시스템에 부착된 장치가 작동하지 않습니다. (0x1F)
1월 18, 2021 16:49:44.81 [13084:3272:0118/164944.818:ERROR:device_event_log_impl.cc(211)] [16:49:44.818] USB: usb_device_handle_win.cc:1020 Failed to read descriptor from node connection: 시스템에 부착된 장치가 작동하지 않습니다. (0x1F)
1월 18, 2021 16:50:07.60 [12664:4636:0118/165007.602:ERROR:device_event_log_impl.cc(211)] [16:50:07.602] USB: usb_device_handle_win.cc:1020 Failed to read descriptor from node connection: 시스템에 부착된 장치가 작동하지 않습니다. (0x1F)
1월 18, 2021 16:58:50.01 [16520:17012:0118/165850.018:ERROR:device_event_log_impl.cc(211)] [16:58:50.018] USB: usb_device_handle_win.cc:1020 Failed to read descriptor from node connection: 시스템에 부착된 장치가 작동하지 않습니다. (0x1F)
1월 18, 2021 17:08:41.63 [0118/170841.633:ERROR:directory_reader_win.cc(43)] FindFirstFile: 지정된 경로를 찾을 수 없습니다. (0x3)
1월 18, 2021 17:54:36.23 [1868:18320:0118/175436.235:ERROR:device_event_log_impl.cc(211)] [17:54:36.235] USB: usb_device_handle_win.cc:1020 Failed to read descriptor from node connection: 시스템에 부착된 장치가 작동하지 않습니다. (0x1F)
1월 18, 2021 18:04:27.76 [0118/180427.759:ERROR:directory_reader_win.cc(43)] FindFirstFile: 지정된 경로를 찾을 수 없습니다. (0x3)
1월 18, 2021 18:09:10.26 [16732:14716:0118/180910.268:ERROR:device_event_log_impl.cc(211)] [18:09:10.268] USB: usb_device_handle_win.cc:1020 Failed to read descriptor from node connection: 시스템에 부착된 장치가 작동하지 않습니다. (0x1F)
1월 18, 2021 18:19:00.77 [0118/181900.776:ERROR:directory_reader_win.cc(43)] FindFirstFile: 지정된 경로를 찾을 수 없습니다. (0x3)
1월 18, 2021 18:25:38.99 [5608:3108:0118/182538.994:ERROR:device_event_log_impl.cc(211)] [18:25:38.995] USB: usb_device_handle_win.cc:1020 Failed to read descriptor from node connection: 시스템에 부착된 장치가 작동하지 않습니다. (0x1F)
1월 18, 2021 18:26:26.15 [19864:13588:0118/182626.155:ERROR:device_event_log_impl.cc(211)] [18:26:26.154] USB: usb_device_handle_win.cc:1020 Failed to read descriptor from node connection: 시스템에 부착된 장치가 작동하지 않습니다. (0x1F)
1월 18, 2021 18:34:19.52 [13564:10524:0118/183419.528:ERROR:device_event_log_impl.cc(211)] [18:34:19.528] USB: usb_device_handle_win.cc:1020 Failed to read descriptor from node connection: 시스템에 부착된 장치가 작동하지 않습니다. (0x1F)
1월 18, 2021 18:44:14.13 [0118/184414.133:ERROR:directory_reader_win.cc(43)] FindFirstFile: 지정된 경로를 찾을 수 없습니다. (0x3)
1월 18, 2021 19:06:50.42 [8364:13924:0118/190650.420:ERROR:device_event_log_impl.cc(211)] [19:06:50.419] USB: usb_device_handle_win.cc:1020 Failed to read descriptor from node connection: 시스템에 부착된 장치가 작동하지 않습니다. (0x1F)
1월 18, 2021 19:09:04.85 [16504:19436:0118/190904.856:ERROR:device_event_log_impl.cc(211)] [19:09:04.856] USB: usb_device_handle_win.cc:1020 Failed to read descriptor from node connection: 시스템에 부착된 장치가 작동하지 않습니다. (0x1F)
1월 18, 2021 19:19:02.44 [0118/191902.439:ERROR:directory_reader_win.cc(43)] FindFirstFile: 지정된 경로를 찾을 수 없습니다. (0x3)

1월 19, 2021 17:22:37.37 NEW SESSION
1월 19, 2021 17:22:37.37 [17580:3968:0119/172237.373:ERROR:device_event_log_impl.cc(211)] [17:22:37.373] USB: usb_device_handle_win.cc:1020 Failed to read descriptor from node connection: 시스템에 부착된 장치가 작동하지 않습니다. (0x1F)
1월 19, 2021 17:32:32.53 [0119/173232.533:ERROR:directory_reader_win.cc(43)] FindFirstFile: 지정된 경로를 찾을 수 없습니다. (0x3)
1월 19, 2021 20:41:02.03 [13060:22824:0119/204102.034:ERROR:device_event_log_impl.cc(211)] [20:41:02.033] USB: usb_device_handle_win.cc:1020 Failed to read descriptor from node connection: 시스템에 부착된 장치가 작동하지 않습니다. (0x1F)
1월 19, 2021 20:50:54.55 [0119/205054.550:ERROR:directory_reader_win.cc(43)] FindFirstFile: 지정된 경로를 찾을 수 없습니다. (0x3)
1월 19, 2021 21:41:27.92 [16928:23220:0119/214127.920:ERROR:device_event_log_impl.cc(211)] [21:41:27.920] USB: usb_device_handle_win.cc:1020 Failed to read descriptor from node connection: 시스템에 부착된 장치가 작동하지 않습니다. (0x1F)
1월 19, 2021 21:51:16.43 [0119/215116.433:ERROR:directory_reader_win.cc(43)] FindFirstFile: 지정된 경로를 찾을 수 없습니다. (0x3)
1월 19, 2021 21:58:46.10 [16556:7644:0119/215846.100:ERROR:device_event_log_impl.cc(211)] [21:58:46.100] USB: usb_device_handle_win.cc:1020 Failed to read descriptor from node connection: 시스템에 부착된 장치가 작동하지 않습니다. (0x1F)
1월 19, 2021 22:08:34.62 [0119/220834.626:ERROR:directory_reader_win.cc(43)] FindFirstFile: 지정된 경로를 찾을 수 없습니다. (0x3)
1월 19, 2021 23:47:36.77 [16556:7644:0119/234736.777:ERROR:device_event_log_impl.cc(211)] [23:47:36.776] USB: usb_service_win.cc:258 Failed to get device driver name: 요소가 없습니다. (0x490)

1월 20, 2021 16:19:45.18 NEW SESSION
1월 20, 2021 16:19:45.18 [24564:12816:0120/161945.186:ERROR:device_event_log_impl.cc(211)] [16:19:45.187] USB: usb_device_handle_win.cc:1020 Failed to read descriptor from node connection: 시스템에 부착된 장치가 작동하지 않습니다. (0x1F)
1월 20, 2021 16:29:35.36 [0120/162935.360:ERROR:directory_reader_win.cc(43)] FindFirstFile: 지정된 경로를 찾을 수 없습니다. (0x3)
1월 20, 2021 16:50:37.84 [21264:19604:0120/165037.843:ERROR:device_event_log_impl.cc(211)] [16:50:37.844] USB: usb_device_handle_win.cc:1020 Failed to read descriptor from node connection: 시스템에 부착된 장치가 작동하지 않습니다. (0x1F)
1월 20, 2021 17:00:32.39 [0120/170032.390:ERROR:directory_reader_win.cc(43)] FindFirstFile: 지정된 경로를 찾을 수 없습니다. (0x3)

1월 21, 2021 01:35:22.62 NEW SESSION
1월 21, 2021 01:35:22.62 [2408:11004:0121/013522.624:ERROR:device_event_log_impl.cc(211)] [01:35:22.625] USB: usb_device_handle_win.cc:1020 Failed to read descriptor from node connection: 시스템에 부착된 장치가 작동하지 않습니다. (0x1F)
1월 21, 2021 01:45:21.12 [0121/014521.126:ERROR:directory_reader_win.cc(43)] FindFirstFile: 지정된 경로를 찾을 수 없습니다. (0x3)

1월 21, 2021 07:54:57.94 NEW SESSION
1월 21, 2021 07:54:57.94 [812:13288:0121/075457.939:ERROR:device_event_log_impl.cc(211)] [07:54:57.939] USB: usb_device_handle_win.cc:1020 Failed to read descriptor from node connection: 시스템에 부착된 장치가 작동하지 않습니다. (0x1F)
1월 21, 2021 08:04:46.44 [0121/080446.442:ERROR:directory_reader_win.cc(43)] FindFirstFile: 지정된 경로를 찾을 수 없습니다. (0x3)
1월 21, 2021 16:58:17.15 [2668:21848:0121/165817.159:ERROR:device_event_log_impl.cc(211)] [16:58:17.159] USB: usb_device_handle_win.cc:1020 Failed to read descriptor from node connection: 시스템에 부착된 장치가 작동하지 않습니다. (0x1F)
1월 21, 2021 17:08:05.68 [0121/170805.682:ERROR:directory_reader_win.cc(43)] FindFirstFile: 지정된 경로를 찾을 수 없습니다. (0x3)
1월 21, 2021 17:43:25.12 [26212:23888:0121/174325.120:ERROR:device_event_log_impl.cc(211)] [17:43:25.120] USB: usb_device_handle_win.cc:1020 Failed to read descriptor from node connection: 시스템에 부착된 장치가 작동하지 않습니다. (0x1F)
1월 21, 2021 17:45:18.20 [14472:15572:0121/174518.205:ERROR:device_event_log_impl.cc(211)] [17:45:18.204] USB: usb_device_handle_win.cc:1020 Failed to read descriptor from node connection: 시스템에 부착된 장치가 작동하지 않습니다. (0x1F)
1월 21, 2021 17:50:51.40 [16976:15548:0121/175051.401:ERROR:device_event_log_impl.cc(211)] [17:50:51.401] USB: usb_device_handle_win.cc:1020 Failed to read descriptor from node connection: 시스템에 부착된 장치가 작동하지 않습니다. (0x1F)
1월 21, 2021 17:58:16.20 [26796:26948:0121/175816.201:ERROR:device_event_log_impl.cc(211)] [17:58:16.201] USB: usb_device_handle_win.cc:1020 Failed to read descriptor from node connection: 시스템에 부착된 장치가 작동하지 않습니다. (0x1F)
1월 21, 2021 17:59:23.31 [13932:27028:0121/175923.311:ERROR:device_event_log_impl.cc(211)] [17:59:23.311] USB: usb_device_handle_win.cc:1020 Failed to read descriptor from node connection: 시스템에 부착된 장치가 작동하지 않습니다. (0x1F)
1월 21, 2021 18:03:40.13 [14004:22132:0121/180340.138:ERROR:device_event_log_impl.cc(211)] [18:03:40.138] USB: usb_device_handle_win.cc:1020 Failed to read descriptor from node connection: 시스템에 부착된 장치가 작동하지 않습니다. (0x1F)
1월 21, 2021 18:13:30.23 [0121/181330.233:ERROR:directory_reader_win.cc(43)] FindFirstFile: 지정된 경로를 찾을 수 없습니다. (0x3)
1월 21, 2021 18:53:04.63 [8468:27052:0121/185304.635:ERROR:device_event_log_impl.cc(211)] [18:53:04.635] USB: usb_device_handle_win.cc:1020 Failed to read descriptor from node connection: 시스템에 부착된 장치가 작동하지 않습니다. (0x1F)
1월 21, 2021 18:58:08.84 [27612:25284:0121/185808.845:ERROR:device_event_log_impl.cc(211)] [18:58:08.845] USB: usb_device_handle_win.cc:1020 Failed to read descriptor from node connection: 시스템에 부착된 장치가 작동하지 않습니다. (0x1F)
1월 21, 2021 19:08:03.46 [0121/190803.468:ERROR:directory_reader_win.cc(43)] FindFirstFile: 지정된 경로를 찾을 수 없습니다. (0x3)
1월 21, 2021 21:17:10.60 [18036:5108:0121/211710.602:ERROR:device_event_log_impl.cc(211)] [21:17:10.602] USB: usb_device_handle_win.cc:1020 Failed to read descriptor from node connection: 시스템에 부착된 장치가 작동하지 않습니다. (0x1F)
1월 21, 2021 21:19:33.73 [28328:27432:0121/211933.730:ERROR:device_event_log_impl.cc(211)] [21:19:33.730] USB: usb_device_handle_win.cc:1020 Failed to read descriptor from node connection: 시스템에 부착된 장치가 작동하지 않습니다. (0x1F)
1월 21, 2021 21:29:24.20 [0121/212924.201:ERROR:directory_reader_win.cc(43)] FindFirstFile: 지정된 경로를 찾을 수 없습니다. (0x3)
1월 21, 2021 21:34:16.71 [28024:13992:0121/213416.713:ERROR:device_event_log_impl.cc(211)] [21:34:16.712] USB: usb_device_handle_win.cc:1020 Failed to read descriptor from node connection: 시스템에 부착된 장치가 작동하지 않습니다. (0x1F)
1월 21, 2021 21:44:13.26 [0121/214413.261:ERROR:directory_reader_win.cc(43)] FindFirstFile: 지정된 경로를 찾을 수 없습니다. (0x3)
1월 21, 2021 21:59:01.90 [29508:29044:0121/215901.909:ERROR:device_event_log_impl.cc(211)] [21:59:01.909] USB: usb_device_handle_win.cc:1020 Failed to read descriptor from node connection: 시스템에 부착된 장치가 작동하지 않습니다. (0x1F)
1월 21, 2021 22:08:51.89 [0121/220851.894:ERROR:directory_reader_win.cc(43)] FindFirstFile: 지정된 경로를 찾을 수 없습니다. (0x3)
1월 21, 2021 22:28:18.24 [11300:21708:0121/222818.247:ERROR:device_event_log_impl.cc(211)] [22:28:18.247] USB: usb_device_handle_win.cc:1020 Failed to read descriptor from node connection: 시스템에 부착된 장치가 작동하지 않습니다. (0x1F)
1월 21, 2021 22:38:13.69 [0121/223813.694:ERROR:directory_reader_win.cc(43)] FindFirstFile: 지정된 경로를 찾을 수 없습니다. (0x3)
1월 22, 2021 24:20:32.95 [26680:28432:0122/002032.955:ERROR:device_event_log_impl.cc(211)] [00:20:32.955] USB: usb_device_handle_win.cc:1020 Failed to read descriptor from node connection: 시스템에 부착된 장치가 작동하지 않습니다. (0x1F)
1월 22, 2021 24:22:47.45 [21804:28332:0122/002247.454:ERROR:device_event_log_impl.cc(211)] [00:22:47.454] USB: usb_device_handle_win.cc:1020 Failed to read descriptor from node connection: 시스템에 부착된 장치가 작동하지 않습니다. (0x1F)
1월 22, 2021 24:23:32.22 [28864:29436:0122/002332.222:ERROR:device_event_log_impl.cc(211)] [00:23:32.223] USB: usb_device_handle_win.cc:1020 Failed to read descriptor from node connection: 시스템에 부착된 장치가 작동하지 않습니다. (0x1F)
1월 22, 2021 24:26:09.76 [28436:27696:0122/002609.763:ERROR:device_event_log_impl.cc(211)] [00:26:09.762] USB: usb_device_handle_win.cc:1020 Failed to read descriptor from node connection: 시스템에 부착된 장치가 작동하지 않습니다. (0x1F)
1월 22, 2021 24:28:34.38 [28572:23892:0122/002834.382:ERROR:device_event_log_impl.cc(211)] [00:28:34.382] USB: usb_device_handle_win.cc:1020 Failed to read descriptor from node connection: 시스템에 부착된 장치가 작동하지 않습니다. (0x1F)
1월 22, 2021 24:30:37.57 [16760:27684:0122/003037.579:ERROR:device_event_log_impl.cc(211)] [00:30:37.579] USB: usb_device_handle_win.cc:1020 Failed to read descriptor from node connection: 시스템에 부착된 장치가 작동하지 않습니다. (0x1F)
1월 22, 2021 24:40:31.10 [0122/004031.101:ERROR:directory_reader_win.cc(43)] FindFirstFile: 지정된 경로를 찾을 수 없습니다. (0x3)

1월 22, 2021 19:14:30.51 NEW SESSION
1월 22, 2021 19:14:30.51 [28992:20248:0122/191430.518:ERROR:device_event_log_impl.cc(211)] [19:14:30.518] USB: usb_device_handle_win.cc:1020 Failed to read descriptor from node connection: 시스템에 부착된 장치가 작동하지 않습니다. (0x1F)
1월 22, 2021 19:24:26.90 [0122/192426.906:ERROR:directory_reader_win.cc(43)] FindFirstFile: 지정된 경로를 찾을 수 없습니다. (0x3)
1월 22, 2021 20:44:27.13 [30984:7472:0122/204427.138:ERROR:device_event_log_impl.cc(211)] [20:44:27.138] USB: usb_device_handle_win.cc:1020 Failed to read descriptor from node connection: 시스템에 부착된 장치가 작동하지 않습니다. (0x1F)
1월 22, 2021 20:46:13.69 [18636:10980:0122/204613.698:ERROR:device_event_log_impl.cc(211)] [20:46:13.698] USB: usb_device_handle_win.cc:1020 Failed to read descriptor from node connection: 시스템에 부착된 장치가 작동하지 않습니다. (0x1F)
1월 22, 2021 20:46:50.31 [28708:6780:0122/204650.310:ERROR:device_event_log_impl.cc(211)] [20:46:50.309] USB: usb_device_handle_win.cc:1020 Failed to read descriptor from node connection: 시스템에 부착된 장치가 작동하지 않습니다. (0x1F)
1월 22, 2021 20:47:45.93 [26188:19928:0122/204745.931:ERROR:device_event_log_impl.cc(211)] [20:47:45.932] USB: usb_device_handle_win.cc:1020 Failed to read descriptor from node connection: 시스템에 부착된 장치가 작동하지 않습니다. (0x1F)
1월 22, 2021 20:53:40.87 [26924:30628:0122/205340.877:ERROR:device_event_log_impl.cc(211)] [20:53:40.877] USB: usb_device_handle_win.cc:1020 Failed to read descriptor from node connection: 시스템에 부착된 장치가 작동하지 않습니다. (0x1F)
1월 22, 2021 21:03:35.34 [0122/210335.340:ERROR:directory_reader_win.cc(43)] FindFirstFile: 지정된 경로를 찾을 수 없습니다. (0x3)
1월 22, 2021 22:01:21.92 [30660:28056:0122/220121.921:ERROR:device_event_log_impl.cc(211)] [22:01:21.921] USB: usb_device_handle_win.cc:1020 Failed to read descriptor from node connection: 시스템에 부착된 장치가 작동하지 않습니다. (0x1F)
1월 22, 2021 22:11:15.48 [0122/221115.480:ERROR:directory_reader_win.cc(43)] FindFirstFile: 지정된 경로를 찾을 수 없습니다. (0x3)

1월 23, 2021 03:39:08.19 NEW SESSION
1월 23, 2021 03:39:08.19 [1492:21280:0123/033908.197:ERROR:device_event_log_impl.cc(211)] [03:39:08.196] USB: usb_device_handle_win.cc:1020 Failed to read descriptor from node connection: 시스템에 부착된 장치가 작동하지 않습니다. (0x1F)
1월 23, 2021 03:49:00.68 [0123/034900.680:ERROR:directory_reader_win.cc(43)] FindFirstFile: 지정된 경로를 찾을 수 없습니다. (0x3)

1월 23, 2021 19:03:57.26 NEW SESSION
1월 23, 2021 19:03:57.26 [33716:28820:0123/190357.261:ERROR:device_event_log_impl.cc(211)] [19:03:57.261] USB: usb_device_handle_win.cc:1020 Failed to read descriptor from node connection: 시스템에 부착된 장치가 작동하지 않습니다. (0x1F)
1월 23, 2021 19:13:46.70 [0123/191346.700:ERROR:directory_reader_win.cc(43)] FindFirstFile: 지정된 경로를 찾을 수 없습니다. (0x3)
1월 23, 2021 20:18:23.83 [29240:25472:0123/201823.832:ERROR:device_event_log_impl.cc(211)] [20:18:23.832] USB: usb_device_handle_win.cc:1020 Failed to read descriptor from node connection: 시스템에 부착된 장치가 작동하지 않습니다. (0x1F)
1월 23, 2021 20:28:22.21 [0123/202822.219:ERROR:directory_reader_win.cc(43)] FindFirstFile: 지정된 경로를 찾을 수 없습니다. (0x3)
